<html xmlns:math="http://exslt.org/math" xmlns:testng="http://testng.org">
   <head>
      <title>TestNG Results</title>
      <meta http-equiv="content-type" content="text/html; charset=utf-8"></meta>
      <meta http-equiv="pragma" content="no-cache"></meta>
      <meta http-equiv="cache-control" content="max-age=0"></meta>
      <meta http-equiv="cache-control" content="no-cache"></meta>
      <meta http-equiv="cache-control" content="no-store"></meta>
      <LINK rel="stylesheet" href="style.css"></LINK>
      <script type="text/javascript" src="main.js"></script>
   </head>
   <body>
      <table width="100%" style="font-size: 16px; margin-bottom: 10px;" cellspacing="1">
         <tr>
            <td width="100%">
               Test case
               
               <b>t2</b>
            </td>
            <td style="background-color: #FFBBBB; padding: 3px 3px 3px 0;" align="center">
               <div style="width: 50px;">1</div>
            </td>
            <td style="background-color: lightgreen; padding: 3px 3px 3px 0;" align="center">
               <div style="width: 50px;">4</div>
            </td>
            <td style="background-color: #FFFFBB; padding: 3px 3px 3px 0;" align="center">
               <div style="width: 50px;">0</div>
            </td>
            <td align="center" style="background-color: #eaf0f7; padding: 3px 3px 3px 0;">
               <div style="width: 50px;">5</div>
            </td>
            <td align="center"
                style="font-weight: bold; background-color: #eaf0f7; padding: 3px 3px 3px 0;">
               <div style="width: 50px;">80%</div>
            </td>
         </tr>
      </table>
      <div style="width: 200px;">
         <label for="groupMethodsCheckBox" style="font-weight: bold; margin: 0;">
            <input id="groupMethodsCheckBox" type="checkbox" onclick="switchTestMethodsView(this)"></input>
            Group by class
            
         </label>
         <br></br>
         <label for="methodsFilter_ALL" style="font-weight: bold; margin: 0;">
            <input id="methodsFilter_ALL" type="checkbox"
                   onclick="testMethodsFilterChanged(this, 'ALL')"></input>
            All
            
         </label>
      </div>
      <label for="methodsFilter_FAIL" style="margin-left: 20px;">
         <input id="methodsFilter_FAIL" type="checkbox"
                onclick="testMethodsFilterChanged(this, 'FAIL')"
                checked=""></input>
         Failed
         
      </label>
      <label for="methodsFilter_PASS">
         <input id="methodsFilter_PASS" type="checkbox"
                onclick="testMethodsFilterChanged(this, 'PASS')"
                checked=""></input>
         Passed
         
      </label>
      <label for="methodsFilter_SKIP">
         <input id="methodsFilter_SKIP" type="checkbox"
                onclick="testMethodsFilterChanged(this, 'SKIP')"
                checked=""></input>
         Skipped
         
      </label>
      <label for="methodsFilter_CONF">
         <input id="methodsFilter_CONF" type="checkbox"
                onclick="testMethodsFilterChanged(this, 'CONF')"></input>
         Config
         
      </label>
      <br></br>
      <div id="testMethodsByStatus">
         <table class="testMethodsTable" cellpadding="0" cellspacing="0">
            <tr class="methodsTableHeader">
               <td width="100%">Name</td>
               <td nowrap="true">Started</td>
               <td nowrap="true">Duration</td>
               <td>Exception</td>
            </tr>
            <tr id="com.webtest.testCases.LoginTest_test_login_byStatus_failed_FAIL1_row"
                class="testMethodStatusFAIL">
               <td width="100%" class="firstMethodCell">
                  <a onclick="toggleDetailsVisibility('com.webtest.testCases.LoginTest_test_login_byStatus_failed_FAIL1_details')">test_login()</a>
               </td>
               <td nowrap="true">16:40:54</td>
               <td nowrap="true" align="right">11s
                  
               </td>
               <td nowrap="true">
                  <a onclick="toggleDetailsVisibility('com.webtest.testCases.LoginTest_test_login_byStatus_failed_FAIL1_exception')">java.lang.AssertionError: 
                     expected [true] but found [false]
                     
                  </a>
                   
                  
               </td>
            </tr>
            <tr>
               <td colspan="4" class="detailsBox">
                  <div id="com.webtest.testCases.LoginTest_test_login_byStatus_failed_FAIL1_details"
                       class="testMethodDetails">
                     <div>
                        <b>Name: </b>test_login
                     </div>
                     <div>
                        <b>Signature: </b>test_login()[pri:1, instance:com.webtest.testCases.LoginTest@1810399e]
                     </div>
                     <div>
                        <b>Start time: </b>16:40:54
                     </div>
                     <div>
                        <b>End time: </b>16:41:05
                     </div>
                     <div>
                        <b>Duration: </b>11s
                        
                     </div>
                  </div>
               </td>
            </tr>
            <tr>
               <td colspan="4" class="detailsBox">
                  <div id="com.webtest.testCases.LoginTest_test_login_byStatus_failed_FAIL1_exception"
                       class="testMethodDetails">
                     <pre style="padding: 5px; margin: 0;">java.lang.AssertionError: expected [true] but found [false]
                        at org.testng.Assert.fail(Assert.java:97)
                        at org.testng.Assert.failNotEquals(Assert.java:969)
                        at org.testng.Assert.assertTrue(Assert.java:43)
                        at org.testng.Assert.assertTrue(Assert.java:53)
                        at com.webtest.testCases.LoginTest.test_login(LoginTest.java:32)
                        at sun.reflect.NativeMethodAccessorImpl.invoke0(Native Method)
                        at sun.reflect.NativeMethodAccessorImpl.invoke(Unknown Source)
                        at sun.reflect.DelegatingMethodAccessorImpl.invoke(Unknown Source)
                        at java.lang.reflect.Method.invoke(Unknown Source)
                        at org.testng.internal.MethodInvocationHelper.invokeMethod(MethodInvocationHelper.java:134)
                        at org.testng.internal.TestInvoker.invokeMethod(TestInvoker.java:597)
                        at org.testng.internal.TestInvoker.invokeTestMethod(TestInvoker.java:173)
                        at org.testng.internal.MethodRunner.runInSequence(MethodRunner.java:46)
                        at org.testng.internal.TestInvoker$MethodInvocationAgent.invoke(TestInvoker.java:816)
                        at org.testng.internal.TestInvoker.invokeTestMethods(TestInvoker.java:146)
                        at org.testng.internal.TestMethodWorker.invokeTestMethods(TestMethodWorker.java:146)
                        at org.testng.internal.TestMethodWorker.run(TestMethodWorker.java:128)
                        at java.util.ArrayList.forEach(Unknown Source)
                        at org.testng.TestRunner.privateRun(TestRunner.java:766)
                        at org.testng.TestRunner.run(TestRunner.java:587)
                        at org.testng.SuiteRunner.runTest(SuiteRunner.java:384)
                        at org.testng.SuiteRunner.runSequentially(SuiteRunner.java:378)
                        at org.testng.SuiteRunner.privateRun(SuiteRunner.java:337)
                        at org.testng.SuiteRunner.run(SuiteRunner.java:286)
                        at org.testng.SuiteRunnerWorker.runSuite(SuiteRunnerWorker.java:53)
                        at org.testng.SuiteRunnerWorker.run(SuiteRunnerWorker.java:96)
                        at org.testng.TestNG.runSuitesSequentially(TestNG.java:1187)
                        at org.testng.TestNG.runSuitesLocally(TestNG.java:1109)
                        at org.testng.TestNG.runSuites(TestNG.java:1039)
                        at org.testng.TestNG.run(TestNG.java:1007)
                        at org.testng.TestNG.privateMain(TestNG.java:1336)
                        at org.testng.TestNG.main(TestNG.java:1304)
                     </pre>
                  </div>
               </td>
            </tr>
            <tr id="com.webtest.testCases.LoginTest_addListener_byStatus_passed_PASS1_row"
                class="testMethodStatusPASS testMethodStatusCONF">
               <td width="100%" class="firstMethodCell">
                  <a onclick="toggleDetailsVisibility('com.webtest.testCases.LoginTest_addListener_byStatus_passed_PASS1_details')">addListener(org.testng.TestRunner@726e5805)</a>
               </td>
               <td nowrap="true">16:40:49</td>
               <td nowrap="true" align="right">10 ms
                  
               </td>
               <td nowrap="true">
                   
                  
               </td>
            </tr>
            <tr>
               <td colspan="4" class="detailsBox">
                  <div id="com.webtest.testCases.LoginTest_addListener_byStatus_passed_PASS1_details"
                       class="testMethodDetails">
                     <div>
                        <b>Name: </b>addListener
                     </div>
                     <div>
                        <b>Description: </b>æ·»å&#138; ç&#155;&#145;å&#144;¬å&#153;¨
                     </div>
                     <div>
                        <b>Signature: </b>addListener(org.testng.ITestContext)[pri:0, instance:com.webtest.testCases.LoginTest@1810399e]
                     </div>
                     <div>
                        <b>Parameters: </b>
                        
                        org.testng.TestRunner@726e5805
                        
                        
                     </div>
                     <div>
                        <b>Start time: </b>16:40:49
                     </div>
                     <div>
                        <b>End time: </b>16:40:49
                     </div>
                     <div>
                        <b>Duration: </b>10 ms
                        
                     </div>
                  </div>
               </td>
            </tr>
            <tr></tr>
            <tr id="com.webtest.testCases.LoginTest_doBeforeClass_byStatus_passed_PASS2_row"
                class="testMethodStatusPASS testMethodStatusCONF">
               <td width="100%" class="firstMethodCell">
                  <a onclick="toggleDetailsVisibility('com.webtest.testCases.LoginTest_doBeforeClass_byStatus_passed_PASS2_details')">doBeforeClass()</a>
               </td>
               <td nowrap="true">16:40:49</td>
               <td nowrap="true" align="right">5s
                  
               </td>
               <td nowrap="true">
                   
                  
               </td>
            </tr>
            <tr>
               <td colspan="4" class="detailsBox">
                  <div id="com.webtest.testCases.LoginTest_doBeforeClass_byStatus_passed_PASS2_details"
                       class="testMethodDetails">
                     <div>
                        <b>Name: </b>doBeforeClass
                     </div>
                     <div>
                        <b>Signature: </b>doBeforeClass()[pri:0, instance:com.webtest.testCases.LoginTest@1810399e]
                     </div>
                     <div>
                        <b>Start time: </b>16:40:49
                     </div>
                     <div>
                        <b>End time: </b>16:40:54
                     </div>
                     <div>
                        <b>Duration: </b>5s
                        
                     </div>
                  </div>
               </td>
            </tr>
            <tr></tr>
            <tr id="com.webtest.testCases.LoginTest_test_warehourse_search_byStatus_passed_PASS3_row"
                class="testMethodStatusPASS">
               <td width="100%" class="firstMethodCell">
                  <a onclick="toggleDetailsVisibility('com.webtest.testCases.LoginTest_test_warehourse_search_byStatus_passed_PASS3_details')">test_warehourse_search(0
                     
                     ,
                     
                     0
                     
                     ,
                     
                     0
                     
                     ,
                     
                     0)
                  </a>
               </td>
               <td nowrap="true">16:41:05</td>
               <td nowrap="true" align="right">8s
                  
               </td>
               <td nowrap="true">
                   
                  
               </td>
            </tr>
            <tr>
               <td colspan="4" class="detailsBox">
                  <div id="com.webtest.testCases.LoginTest_test_warehourse_search_byStatus_passed_PASS3_details"
                       class="testMethodDetails">
                     <div>
                        <b>Name: </b>test_warehourse_search
                     </div>
                     <div>
                        <b>Signature: </b>test_warehourse_search(java.lang.String, java.lang.String, java.lang.String, java.lang.String)[pri:9, instance:com.webtest.testCases.LoginTest@1810399e]
                     </div>
                     <div>
                        <b>Parameters: </b>
                        
                        0
                        
                        ,
                        
                        0
                        
                        ,
                        
                        0
                        
                        ,
                        
                        0
                        
                        
                     </div>
                     <div>
                        <b>Start time: </b>16:41:05
                     </div>
                     <div>
                        <b>End time: </b>16:41:14
                     </div>
                     <div>
                        <b>Duration: </b>8s
                        
                     </div>
                  </div>
               </td>
            </tr>
            <tr></tr>
            <tr id="com.webtest.testCases.LoginTest_test_warehourse_add_byStatus_passed_PASS4_row"
                class="testMethodStatusPASS">
               <td width="100%" class="firstMethodCell">
                  <a onclick="toggleDetailsVisibility('com.webtest.testCases.LoginTest_test_warehourse_add_byStatus_passed_PASS4_details')">test_warehourse_add(newwarehourse
                     
                     ,
                     
                     liulu
                     
                     ,
                     
                     123456
                     
                     ,
                     
                     new warehourse)
                  </a>
               </td>
               <td nowrap="true">16:41:14</td>
               <td nowrap="true" align="right">7s
                  
               </td>
               <td nowrap="true">
                   
                  
               </td>
            </tr>
            <tr>
               <td colspan="4" class="detailsBox">
                  <div id="com.webtest.testCases.LoginTest_test_warehourse_add_byStatus_passed_PASS4_details"
                       class="testMethodDetails">
                     <div>
                        <b>Name: </b>test_warehourse_add
                     </div>
                     <div>
                        <b>Signature: </b>test_warehourse_add(java.lang.String, java.lang.String, java.lang.String, java.lang.String)[pri:10, instance:com.webtest.testCases.LoginTest@1810399e]
                     </div>
                     <div>
                        <b>Parameters: </b>
                        
                        newwarehourse
                        
                        ,
                        
                        liulu
                        
                        ,
                        
                        123456
                        
                        ,
                        
                        new warehourse
                        
                        
                     </div>
                     <div>
                        <b>Start time: </b>16:41:14
                     </div>
                     <div>
                        <b>End time: </b>16:41:21
                     </div>
                     <div>
                        <b>Duration: </b>7s
                        
                     </div>
                  </div>
               </td>
            </tr>
            <tr></tr>
            <tr id="com.webtest.testCases.LoginTest_test_warehourse_update_byStatus_passed_PASS5_row"
                class="testMethodStatusPASS">
               <td width="100%" class="firstMethodCell">
                  <a onclick="toggleDetailsVisibility('com.webtest.testCases.LoginTest_test_warehourse_update_byStatus_passed_PASS5_details')">test_warehourse_update(nwarehourse
                     
                     ,
                     
                     test
                     
                     ,
                     
                     15052850085
                     
                     ,
                     
                     update)
                  </a>
               </td>
               <td nowrap="true">16:41:21</td>
               <td nowrap="true" align="right">8s
                  
               </td>
               <td nowrap="true">
                   
                  
               </td>
            </tr>
            <tr>
               <td colspan="4" class="detailsBox">
                  <div id="com.webtest.testCases.LoginTest_test_warehourse_update_byStatus_passed_PASS5_details"
                       class="testMethodDetails">
                     <div>
                        <b>Name: </b>test_warehourse_update
                     </div>
                     <div>
                        <b>Signature: </b>test_warehourse_update(java.lang.String, java.lang.String, java.lang.String, java.lang.String)[pri:11, instance:com.webtest.testCases.LoginTest@1810399e]
                     </div>
                     <div>
                        <b>Parameters: </b>
                        
                        nwarehourse
                        
                        ,
                        
                        test
                        
                        ,
                        
                        15052850085
                        
                        ,
                        
                        update
                        
                        
                     </div>
                     <div>
                        <b>Start time: </b>16:41:21
                     </div>
                     <div>
                        <b>End time: </b>16:41:29
                     </div>
                     <div>
                        <b>Duration: </b>8s
                        
                     </div>
                  </div>
               </td>
            </tr>
            <tr></tr>
            <tr id="com.webtest.testCases.LoginTest_test_delete_success_byStatus_passed_PASS6_row"
                class="testMethodStatusPASS">
               <td width="100%" class="firstMethodCell">
                  <a onclick="toggleDetailsVisibility('com.webtest.testCases.LoginTest_test_delete_success_byStatus_passed_PASS6_details')">test_delete_success()</a>
               </td>
               <td nowrap="true">16:41:29</td>
               <td nowrap="true" align="right">4s
                  
               </td>
               <td nowrap="true">
                   
                  
               </td>
            </tr>
            <tr>
               <td colspan="4" class="detailsBox">
                  <div id="com.webtest.testCases.LoginTest_test_delete_success_byStatus_passed_PASS6_details"
                       class="testMethodDetails">
                     <div>
                        <b>Name: </b>test_delete_success
                     </div>
                     <div>
                        <b>Signature: </b>test_delete_success()[pri:12, instance:com.webtest.testCases.LoginTest@1810399e]
                     </div>
                     <div>
                        <b>Start time: </b>16:41:29
                     </div>
                     <div>
                        <b>End time: </b>16:41:33
                     </div>
                     <div>
                        <b>Duration: </b>4s
                        
                     </div>
                  </div>
               </td>
            </tr>
            <tr></tr>
            <tr id="com.webtest.testCases.LoginTest_doAfterMethod_byStatus_passed_PASS7_row"
                class="testMethodStatusPASS testMethodStatusCONF">
               <td width="100%" class="firstMethodCell">
                  <a onclick="toggleDetailsVisibility('com.webtest.testCases.LoginTest_doAfterMethod_byStatus_passed_PASS7_details')">doAfterMethod()</a>
               </td>
               <td nowrap="true">16:41:33</td>
               <td nowrap="true" align="right">1s
                  
               </td>
               <td nowrap="true">
                   
                  
               </td>
            </tr>
            <tr>
               <td colspan="4" class="detailsBox">
                  <div id="com.webtest.testCases.LoginTest_doAfterMethod_byStatus_passed_PASS7_details"
                       class="testMethodDetails">
                     <div>
                        <b>Name: </b>doAfterMethod
                     </div>
                     <div>
                        <b>Signature: </b>doAfterMethod()[pri:0, instance:com.webtest.testCases.LoginTest@1810399e]
                     </div>
                     <div>
                        <b>Start time: </b>16:41:33
                     </div>
                     <div>
                        <b>End time: </b>16:41:34
                     </div>
                     <div>
                        <b>Duration: </b>1s
                        
                     </div>
                  </div>
               </td>
            </tr>
            <tr></tr>
         </table>
      </div>
      <div id="testMethodsByClass" style="display: none;">
         <table class="testMethodsTable" cellpadding="0" cellspacing="0">
            <tr>
               <td colspan="4">
                  <h3 style="display: inline;">com.webtest.testCases.LoginTest</h3>
               </td>
            </tr>
            <tr class="methodsTableHeader">
               <td width="100%">Name</td>
               <td nowrap="true">Started</td>
               <td nowrap="true">Duration</td>
               <td>Exception</td>
            </tr>
            <tr id="com.webtest.testCases.LoginTest_addListener_byClass_PASS1_row"
                class="testMethodStatusPASS testMethodStatusCONF">
               <td width="100%" class="firstMethodCell">
                  <a onclick="toggleDetailsVisibility('com.webtest.testCases.LoginTest_addListener_byClass_PASS1_details')">addListener(org.testng.TestRunner@726e5805)</a>
               </td>
               <td nowrap="true">16:40:49</td>
               <td nowrap="true" align="right">10 ms
                  
               </td>
               <td nowrap="true">
                   
                  
               </td>
            </tr>
            <tr>
               <td colspan="4" class="detailsBox">
                  <div id="com.webtest.testCases.LoginTest_addListener_byClass_PASS1_details"
                       class="testMethodDetails">
                     <div>
                        <b>Name: </b>addListener
                     </div>
                     <div>
                        <b>Description: </b>æ·»å&#138; ç&#155;&#145;å&#144;¬å&#153;¨
                     </div>
                     <div>
                        <b>Signature: </b>addListener(org.testng.ITestContext)[pri:0, instance:com.webtest.testCases.LoginTest@1810399e]
                     </div>
                     <div>
                        <b>Parameters: </b>
                        
                        org.testng.TestRunner@726e5805
                        
                        
                     </div>
                     <div>
                        <b>Start time: </b>16:40:49
                     </div>
                     <div>
                        <b>End time: </b>16:40:49
                     </div>
                     <div>
                        <b>Duration: </b>10 ms
                        
                     </div>
                  </div>
               </td>
            </tr>
            <tr></tr>
            <tr id="com.webtest.testCases.LoginTest_doBeforeClass_byClass_PASS2_row"
                class="testMethodStatusPASS testMethodStatusCONF">
               <td width="100%" class="firstMethodCell">
                  <a onclick="toggleDetailsVisibility('com.webtest.testCases.LoginTest_doBeforeClass_byClass_PASS2_details')">doBeforeClass()</a>
               </td>
               <td nowrap="true">16:40:49</td>
               <td nowrap="true" align="right">5s
                  
               </td>
               <td nowrap="true">
                   
                  
               </td>
            </tr>
            <tr>
               <td colspan="4" class="detailsBox">
                  <div id="com.webtest.testCases.LoginTest_doBeforeClass_byClass_PASS2_details"
                       class="testMethodDetails">
                     <div>
                        <b>Name: </b>doBeforeClass
                     </div>
                     <div>
                        <b>Signature: </b>doBeforeClass()[pri:0, instance:com.webtest.testCases.LoginTest@1810399e]
                     </div>
                     <div>
                        <b>Start time: </b>16:40:49
                     </div>
                     <div>
                        <b>End time: </b>16:40:54
                     </div>
                     <div>
                        <b>Duration: </b>5s
                        
                     </div>
                  </div>
               </td>
            </tr>
            <tr></tr>
            <tr id="com.webtest.testCases.LoginTest_test_login_byClass_FAIL3_row"
                class="testMethodStatusFAIL">
               <td width="100%" class="firstMethodCell">
                  <a onclick="toggleDetailsVisibility('com.webtest.testCases.LoginTest_test_login_byClass_FAIL3_details')">test_login()</a>
               </td>
               <td nowrap="true">16:40:54</td>
               <td nowrap="true" align="right">11s
                  
               </td>
               <td nowrap="true">
                  <a onclick="toggleDetailsVisibility('com.webtest.testCases.LoginTest_test_login_byClass_FAIL3_exception')">java.lang.AssertionError: 
                     expected [true] but found [false]
                     
                  </a>
                   
                  
               </td>
            </tr>
            <tr>
               <td colspan="4" class="detailsBox">
                  <div id="com.webtest.testCases.LoginTest_test_login_byClass_FAIL3_details"
                       class="testMethodDetails">
                     <div>
                        <b>Name: </b>test_login
                     </div>
                     <div>
                        <b>Signature: </b>test_login()[pri:1, instance:com.webtest.testCases.LoginTest@1810399e]
                     </div>
                     <div>
                        <b>Start time: </b>16:40:54
                     </div>
                     <div>
                        <b>End time: </b>16:41:05
                     </div>
                     <div>
                        <b>Duration: </b>11s
                        
                     </div>
                  </div>
               </td>
            </tr>
            <tr>
               <td colspan="4" class="detailsBox">
                  <div id="com.webtest.testCases.LoginTest_test_login_byClass_FAIL3_exception"
                       class="testMethodDetails">
                     <pre style="padding: 5px; margin: 0;">java.lang.AssertionError: expected [true] but found [false]
                        at org.testng.Assert.fail(Assert.java:97)
                        at org.testng.Assert.failNotEquals(Assert.java:969)
                        at org.testng.Assert.assertTrue(Assert.java:43)
                        at org.testng.Assert.assertTrue(Assert.java:53)
                        at com.webtest.testCases.LoginTest.test_login(LoginTest.java:32)
                        at sun.reflect.NativeMethodAccessorImpl.invoke0(Native Method)
                        at sun.reflect.NativeMethodAccessorImpl.invoke(Unknown Source)
                        at sun.reflect.DelegatingMethodAccessorImpl.invoke(Unknown Source)
                        at java.lang.reflect.Method.invoke(Unknown Source)
                        at org.testng.internal.MethodInvocationHelper.invokeMethod(MethodInvocationHelper.java:134)
                        at org.testng.internal.TestInvoker.invokeMethod(TestInvoker.java:597)
                        at org.testng.internal.TestInvoker.invokeTestMethod(TestInvoker.java:173)
                        at org.testng.internal.MethodRunner.runInSequence(MethodRunner.java:46)
                        at org.testng.internal.TestInvoker$MethodInvocationAgent.invoke(TestInvoker.java:816)
                        at org.testng.internal.TestInvoker.invokeTestMethods(TestInvoker.java:146)
                        at org.testng.internal.TestMethodWorker.invokeTestMethods(TestMethodWorker.java:146)
                        at org.testng.internal.TestMethodWorker.run(TestMethodWorker.java:128)
                        at java.util.ArrayList.forEach(Unknown Source)
                        at org.testng.TestRunner.privateRun(TestRunner.java:766)
                        at org.testng.TestRunner.run(TestRunner.java:587)
                        at org.testng.SuiteRunner.runTest(SuiteRunner.java:384)
                        at org.testng.SuiteRunner.runSequentially(SuiteRunner.java:378)
                        at org.testng.SuiteRunner.privateRun(SuiteRunner.java:337)
                        at org.testng.SuiteRunner.run(SuiteRunner.java:286)
                        at org.testng.SuiteRunnerWorker.runSuite(SuiteRunnerWorker.java:53)
                        at org.testng.SuiteRunnerWorker.run(SuiteRunnerWorker.java:96)
                        at org.testng.TestNG.runSuitesSequentially(TestNG.java:1187)
                        at org.testng.TestNG.runSuitesLocally(TestNG.java:1109)
                        at org.testng.TestNG.runSuites(TestNG.java:1039)
                        at org.testng.TestNG.run(TestNG.java:1007)
                        at org.testng.TestNG.privateMain(TestNG.java:1336)
                        at org.testng.TestNG.main(TestNG.java:1304)
                     </pre>
                  </div>
               </td>
            </tr>
            <tr id="com.webtest.testCases.LoginTest_test_warehourse_search_byClass_PASS4_row"
                class="testMethodStatusPASS">
               <td width="100%" class="firstMethodCell">
                  <a onclick="toggleDetailsVisibility('com.webtest.testCases.LoginTest_test_warehourse_search_byClass_PASS4_details')">test_warehourse_search(0
                     
                     ,
                     
                     0
                     
                     ,
                     
                     0
                     
                     ,
                     
                     0)
                  </a>
               </td>
               <td nowrap="true">16:41:05</td>
               <td nowrap="true" align="right">8s
                  
               </td>
               <td nowrap="true">
                   
                  
               </td>
            </tr>
            <tr>
               <td colspan="4" class="detailsBox">
                  <div id="com.webtest.testCases.LoginTest_test_warehourse_search_byClass_PASS4_details"
                       class="testMethodDetails">
                     <div>
                        <b>Name: </b>test_warehourse_search
                     </div>
                     <div>
                        <b>Signature: </b>test_warehourse_search(java.lang.String, java.lang.String, java.lang.String, java.lang.String)[pri:9, instance:com.webtest.testCases.LoginTest@1810399e]
                     </div>
                     <div>
                        <b>Parameters: </b>
                        
                        0
                        
                        ,
                        
                        0
                        
                        ,
                        
                        0
                        
                        ,
                        
                        0
                        
                        
                     </div>
                     <div>
                        <b>Start time: </b>16:41:05
                     </div>
                     <div>
                        <b>End time: </b>16:41:14
                     </div>
                     <div>
                        <b>Duration: </b>8s
                        
                     </div>
                  </div>
               </td>
            </tr>
            <tr></tr>
            <tr id="com.webtest.testCases.LoginTest_test_warehourse_add_byClass_PASS5_row"
                class="testMethodStatusPASS">
               <td width="100%" class="firstMethodCell">
                  <a onclick="toggleDetailsVisibility('com.webtest.testCases.LoginTest_test_warehourse_add_byClass_PASS5_details')">test_warehourse_add(newwarehourse
                     
                     ,
                     
                     liulu
                     
                     ,
                     
                     123456
                     
                     ,
                     
                     new warehourse)
                  </a>
               </td>
               <td nowrap="true">16:41:14</td>
               <td nowrap="true" align="right">7s
                  
               </td>
               <td nowrap="true">
                   
                  
               </td>
            </tr>
            <tr>
               <td colspan="4" class="detailsBox">
                  <div id="com.webtest.testCases.LoginTest_test_warehourse_add_byClass_PASS5_details"
                       class="testMethodDetails">
                     <div>
                        <b>Name: </b>test_warehourse_add
                     </div>
                     <div>
                        <b>Signature: </b>test_warehourse_add(java.lang.String, java.lang.String, java.lang.String, java.lang.String)[pri:10, instance:com.webtest.testCases.LoginTest@1810399e]
                     </div>
                     <div>
                        <b>Parameters: </b>
                        
                        newwarehourse
                        
                        ,
                        
                        liulu
                        
                        ,
                        
                        123456
                        
                        ,
                        
                        new warehourse
                        
                        
                     </div>
                     <div>
                        <b>Start time: </b>16:41:14
                     </div>
                     <div>
                        <b>End time: </b>16:41:21
                     </div>
                     <div>
                        <b>Duration: </b>7s
                        
                     </div>
                  </div>
               </td>
            </tr>
            <tr></tr>
            <tr id="com.webtest.testCases.LoginTest_test_warehourse_update_byClass_PASS6_row"
                class="testMethodStatusPASS">
               <td width="100%" class="firstMethodCell">
                  <a onclick="toggleDetailsVisibility('com.webtest.testCases.LoginTest_test_warehourse_update_byClass_PASS6_details')">test_warehourse_update(nwarehourse
                     
                     ,
                     
                     test
                     
                     ,
                     
                     15052850085
                     
                     ,
                     
                     update)
                  </a>
               </td>
               <td nowrap="true">16:41:21</td>
               <td nowrap="true" align="right">8s
                  
               </td>
               <td nowrap="true">
                   
                  
               </td>
            </tr>
            <tr>
               <td colspan="4" class="detailsBox">
                  <div id="com.webtest.testCases.LoginTest_test_warehourse_update_byClass_PASS6_details"
                       class="testMethodDetails">
                     <div>
                        <b>Name: </b>test_warehourse_update
                     </div>
                     <div>
                        <b>Signature: </b>test_warehourse_update(java.lang.String, java.lang.String, java.lang.String, java.lang.String)[pri:11, instance:com.webtest.testCases.LoginTest@1810399e]
                     </div>
                     <div>
                        <b>Parameters: </b>
                        
                        nwarehourse
                        
                        ,
                        
                        test
                        
                        ,
                        
                        15052850085
                        
                        ,
                        
                        update
                        
                        
                     </div>
                     <div>
                        <b>Start time: </b>16:41:21
                     </div>
                     <div>
                        <b>End time: </b>16:41:29
                     </div>
                     <div>
                        <b>Duration: </b>8s
                        
                     </div>
                  </div>
               </td>
            </tr>
            <tr></tr>
            <tr id="com.webtest.testCases.LoginTest_test_delete_success_byClass_PASS7_row"
                class="testMethodStatusPASS">
               <td width="100%" class="firstMethodCell">
                  <a onclick="toggleDetailsVisibility('com.webtest.testCases.LoginTest_test_delete_success_byClass_PASS7_details')">test_delete_success()</a>
               </td>
               <td nowrap="true">16:41:29</td>
               <td nowrap="true" align="right">4s
                  
               </td>
               <td nowrap="true">
                   
                  
               </td>
            </tr>
            <tr>
               <td colspan="4" class="detailsBox">
                  <div id="com.webtest.testCases.LoginTest_test_delete_success_byClass_PASS7_details"
                       class="testMethodDetails">
                     <div>
                        <b>Name: </b>test_delete_success
                     </div>
                     <div>
                        <b>Signature: </b>test_delete_success()[pri:12, instance:com.webtest.testCases.LoginTest@1810399e]
                     </div>
                     <div>
                        <b>Start time: </b>16:41:29
                     </div>
                     <div>
                        <b>End time: </b>16:41:33
                     </div>
                     <div>
                        <b>Duration: </b>4s
                        
                     </div>
                  </div>
               </td>
            </tr>
            <tr></tr>
            <tr id="com.webtest.testCases.LoginTest_doAfterMethod_byClass_PASS8_row"
                class="testMethodStatusPASS testMethodStatusCONF">
               <td width="100%" class="firstMethodCell">
                  <a onclick="toggleDetailsVisibility('com.webtest.testCases.LoginTest_doAfterMethod_byClass_PASS8_details')">doAfterMethod()</a>
               </td>
               <td nowrap="true">16:41:33</td>
               <td nowrap="true" align="right">1s
                  
               </td>
               <td nowrap="true">
                   
                  
               </td>
            </tr>
            <tr>
               <td colspan="4" class="detailsBox">
                  <div id="com.webtest.testCases.LoginTest_doAfterMethod_byClass_PASS8_details"
                       class="testMethodDetails">
                     <div>
                        <b>Name: </b>doAfterMethod
                     </div>
                     <div>
                        <b>Signature: </b>doAfterMethod()[pri:0, instance:com.webtest.testCases.LoginTest@1810399e]
                     </div>
                     <div>
                        <b>Start time: </b>16:41:33
                     </div>
                     <div>
                        <b>End time: </b>16:41:34
                     </div>
                     <div>
                        <b>Duration: </b>1s
                        
                     </div>
                  </div>
               </td>
            </tr>
            <tr></tr>
         </table>
         <br></br>
      </div>
      <div style="margin-top: 15px; color: gray; text-align: center; font-size: 9px;">
         Generated with
         
         <a href="http://code.google.com/p/testng-xslt/" style="color: #8888aa;"
            target="_blank">
            TestNG XSLT
            
         </a>
      </div>
   </body>
</html>