<?xml version="1.0" encoding="UTF-8"?>
<!-- Generated by org.testng.reporters.JUnitXMLReporter -->
<testsuite hostname="LAPTOP-0356DV5C" ignored="0" name="t2" tests="5" failures="1" timestamp="2022-05-02T20:48:50 CST" time="46.889" errors="0">
  <testcase name="test_login" time="12.118" classname="com.webtest.testCases.LoginTest">
    <failure type="java.lang.AssertionError" message="expected [true] but found [false]">
      <![CDATA[java.lang.AssertionError: expected [true] but found [false]
at com.webtest.testCases.LoginTest.test_login(LoginTest.java:32)
at java.util.ArrayList.forEach(Unknown Source)
... Removed 30 stack frames]]>
    </failure>
  </testcase> <!-- test_login -->
  <testcase name="test_warehourse_search" time="8.52" classname="com.webtest.testCases.LoginTest"/>
  <testcase name="test_warehourse_add" time="7.209" classname="com.webtest.testCases.LoginTest"/>
  <testcase name="test_warehourse_update" time="8.136" classname="com.webtest.testCases.LoginTest"/>
  <testcase name="test_delete_success" time="4.141" classname="com.webtest.testCases.LoginTest"/>
</testsuite> <!-- t2 -->
