<!DOCTYPE html>

<html>
  <head>
  <meta charset='utf-8'>
  <title>TestNG reports</title>

    <link type="text/css" href="testng-reports.css" rel="stylesheet" />
    <script type="text/javascript" src="jquery-3.4.1.min.js"></script>
    <script type="text/javascript" src="testng-reports.js"></script>
    <script type="text/javascript" src="https://www.google.com/jsapi"></script>
    <script type='text/javascript'>
      google.load('visualization', '1', {packages:['table']});
      google.setOnLoadCallback(drawTable);
      var suiteTableInitFunctions = new Array();
      var suiteTableData = new Array();
    </script>
    <!--
      <script type="text/javascript" src="jquery-ui/js/jquery-ui-1.8.16.custom.min.js"></script>
     -->
  </head>

  <body>
    <div class="top-banner-root">
      <span class="top-banner-title-font">Test results</span>
      <br/>
      <span class="top-banner-font-1">1 suite, 26 failed tests</span>
    </div> <!-- top-banner-root -->
    <div class="navigator-root">
      <div class="navigator-suite-header">
        <span>All suites</span>
        <a href="#" class="collapse-all-link" title="Collapse/expand all the suites">
          <img class="collapse-all-icon" src="collapseall.gif">
          </img> <!-- collapse-all-icon -->
        </a> <!-- collapse-all-link -->
      </div> <!-- navigator-suite-header -->
      <div class="suite">
        <div class="rounded-window">
          <div class="suite-header light-rounded-window-top">
            <a href="#" class="navigator-link" panel-name="suite-s1">
              <span class="suite-name border-failed">s1</span>
            </a> <!-- navigator-link -->
          </div> <!-- suite-header light-rounded-window-top -->
          <div class="navigator-suite-content">
            <div class="suite-section-title">
              <span>Info</span>
            </div> <!-- suite-section-title -->
            <div class="suite-section-content">
              <ul>
                <li>
                  <a href="#" class="navigator-link " panel-name="test-xml-s1">
                    <span>D:\Java\wms\testng.xml</span>
                  </a> <!-- navigator-link  -->
                </li>
                <li>
                  <a href="#" class="navigator-link " panel-name="testlist-s1">
                    <span class="test-stats">1 test</span>
                  </a> <!-- navigator-link  -->
                </li>
                <li>
                  <a href="#" class="navigator-link " panel-name="group-s1">
                    <span>0 groups</span>
                  </a> <!-- navigator-link  -->
                </li>
                <li>
                  <a href="#" class="navigator-link " panel-name="times-s1">
                    <span>Times</span>
                  </a> <!-- navigator-link  -->
                </li>
                <li>
                  <a href="#" class="navigator-link " panel-name="reporter-s1">
                    <span>Reporter output</span>
                  </a> <!-- navigator-link  -->
                </li>
                <li>
                  <a href="#" class="navigator-link " panel-name="ignored-methods-s1">
                    <span>Ignored methods</span>
                  </a> <!-- navigator-link  -->
                </li>
                <li>
                  <a href="#" class="navigator-link " panel-name="chronological-s1">
                    <span>Chronological view</span>
                  </a> <!-- navigator-link  -->
                </li>
              </ul>
            </div> <!-- suite-section-content -->
            <div class="result-section">
              <div class="suite-section-title">
                <span>Results</span>
              </div> <!-- suite-section-title -->
              <div class="suite-section-content">
                <ul>
                  <li>
                    <span class="method-stats">33 methods, 26 failed,   7 passed</span>
                  </li>
                  <li>
                    <span class="method-list-title failed">Failed methods</span>
                    <span class="show-or-hide-methods failed">
                      <a href="#" panel-name="suite-s1" class="hide-methods failed suite-s1"> (hide)</a> <!-- hide-methods failed suite-s1 -->
                      <a href="#" panel-name="suite-s1" class="show-methods failed suite-s1"> (show)</a> <!-- show-methods failed suite-s1 -->
                    </span>
                    <div class="method-list-content failed suite-s1">
                      <span>
                        <img width="3%" src="failed.png"/>
                        <a href="#" class="method navigator-link" panel-name="suite-s1" title="com.webtest.testCases.LoginTest" hash-for-method="test_Suppliers_add(add_company, addresstest, addcontact_test, 111111, 123@qq.com, chuanzhen, beizhu)">test_Suppliers_add(add_company, addresstest, addcontact_test, 111111, 123@qq.com, chuanzhen, beizhu)</a> <!-- method navigator-link -->
                      </span>
                      <br/>
                      <span>
                        <img width="3%" src="failed.png"/>
                        <a href="#" class="method navigator-link" panel-name="suite-s1" title="com.webtest.testCases.LoginTest" hash-for-method="test_Suppliers_delete">test_Suppliers_delete</a> <!-- method navigator-link -->
                      </span>
                      <br/>
                      <span>
                        <img width="3%" src="failed.png"/>
                        <a href="#" class="method navigator-link" panel-name="suite-s1" title="com.webtest.testCases.LoginTest" hash-for-method="test_Suppliers_search(鍏徃, 0, 0, 0, 0)">test_Suppliers_search(鍏徃, 0, 0, 0, 0)</a> <!-- method navigator-link -->
                      </span>
                      <br/>
                      <span>
                        <img width="3%" src="failed.png"/>
                        <a href="#" class="method navigator-link" panel-name="suite-s1" title="com.webtest.testCases.LoginTest" hash-for-method="test_Suppliers_update(desc)">test_Suppliers_update(desc)</a> <!-- method navigator-link -->
                      </span>
                      <br/>
                      <span>
                        <img width="3%" src="failed.png"/>
                        <a href="#" class="method navigator-link" panel-name="suite-s1" title="com.webtest.testCases.LoginTest" hash-for-method="test_Unit_add(tong, new)">test_Unit_add(tong, new)</a> <!-- method navigator-link -->
                      </span>
                      <br/>
                      <span>
                        <img width="3%" src="failed.png"/>
                        <a href="#" class="method navigator-link" panel-name="suite-s1" title="com.webtest.testCases.LoginTest" hash-for-method="test_Unit_alert(desc)">test_Unit_alert(desc)</a> <!-- method navigator-link -->
                      </span>
                      <br/>
                      <span>
                        <img width="3%" src="failed.png"/>
                        <a href="#" class="method navigator-link" panel-name="suite-s1" title="com.webtest.testCases.LoginTest" hash-for-method="test_Unit_delete">test_Unit_delete</a> <!-- method navigator-link -->
                      </span>
                      <br/>
                      <span>
                        <img width="3%" src="failed.png"/>
                        <a href="#" class="method navigator-link" panel-name="suite-s1" title="com.webtest.testCases.LoginTest" hash-for-method="test_Unit_search(0, 0)">test_Unit_search(0, 0)</a> <!-- method navigator-link -->
                      </span>
                      <br/>
                      <span>
                        <img width="3%" src="failed.png"/>
                        <a href="#" class="method navigator-link" panel-name="suite-s1" title="com.webtest.testCases.LoginTest" hash-for-method="test_companyManagent_add(new_testCompany, 14513378193, 870461498@qq.com, heb)">test_companyManagent_add(new_testCompany, 14513378193, 870461498@qq.com, heb)</a> <!-- method navigator-link -->
                      </span>
                      <br/>
                      <span>
                        <img width="3%" src="failed.png"/>
                        <a href="#" class="method navigator-link" panel-name="suite-s1" title="com.webtest.testCases.LoginTest" hash-for-method="test_companyManagent_delete">test_companyManagent_delete</a> <!-- method navigator-link -->
                      </span>
                      <br/>
                      <span>
                        <img width="3%" src="failed.png"/>
                        <a href="#" class="method navigator-link" panel-name="suite-s1" title="com.webtest.testCases.LoginTest" hash-for-method="test_companyManagent_search(company, 0, 0, 0)">test_companyManagent_search(company, 0, 0, 0)</a> <!-- method navigator-link -->
                      </span>
                      <br/>
                      <span>
                        <img width="3%" src="failed.png"/>
                        <a href="#" class="method navigator-link" panel-name="suite-s1" title="com.webtest.testCases.LoginTest" hash-for-method="test_companyManagent_update(newCompany, 14513378193, 870461498@qq.com, baoding, desc)">test_companyManagent_update(newCompany, 14513378193, 870461498@qq.com, baoding, desc)</a> <!-- method navigator-link -->
                      </span>
                      <br/>
                      <span>
                        <img width="3%" src="failed.png"/>
                        <a href="#" class="method navigator-link" panel-name="suite-s1" title="com.webtest.testCases.LoginTest" hash-for-method="test_login">test_login</a> <!-- method navigator-link -->
                      </span>
                      <br/>
                      <span>
                        <img width="3%" src="failed.png"/>
                        <a href="#" class="method navigator-link" panel-name="suite-s1" title="com.webtest.testCases.LoginTest" hash-for-method="test_productCategory_add(phone, new_phone)">test_productCategory_add(phone, new_phone)</a> <!-- method navigator-link -->
                      </span>
                      <br/>
                      <span>
                        <img width="3%" src="failed.png"/>
                        <a href="#" class="method navigator-link" panel-name="suite-s1" title="com.webtest.testCases.LoginTest" hash-for-method="test_productCategory_delete">test_productCategory_delete</a> <!-- method navigator-link -->
                      </span>
                      <br/>
                      <span>
                        <img width="3%" src="failed.png"/>
                        <a href="#" class="method navigator-link" panel-name="suite-s1" title="com.webtest.testCases.LoginTest" hash-for-method="test_productCategory_update(update)">test_productCategory_update(update)</a> <!-- method navigator-link -->
                      </span>
                      <br/>
                      <span>
                        <img width="3%" src="failed.png"/>
                        <a href="#" class="method navigator-link" panel-name="suite-s1" title="com.webtest.testCases.LoginTest" hash-for-method="test_productManagement_add(10, new)">test_productManagement_add(10, new)</a> <!-- method navigator-link -->
                      </span>
                      <br/>
                      <span>
                        <img width="3%" src="failed.png"/>
                        <a href="#" class="method navigator-link" panel-name="suite-s1" title="com.webtest.testCases.LoginTest" hash-for-method="test_productManagement_delete">test_productManagement_delete</a> <!-- method navigator-link -->
                      </span>
                      <br/>
                      <span>
                        <img width="3%" src="failed.png"/>
                        <a href="#" class="method navigator-link" panel-name="suite-s1" title="com.webtest.testCases.LoginTest" hash-for-method="test_productManagement_update(update)">test_productManagement_update(update)</a> <!-- method navigator-link -->
                      </span>
                      <br/>
                      <span>
                        <img width="3%" src="failed.png"/>
                        <a href="#" class="method navigator-link" panel-name="suite-s1" title="com.webtest.testCases.LoginTest" hash-for-method="test_shelvesManagent_add(CA1, desc)">test_shelvesManagent_add(CA1, desc)</a> <!-- method navigator-link -->
                      </span>
                      <br/>
                      <span>
                        <img width="3%" src="failed.png"/>
                        <a href="#" class="method navigator-link" panel-name="suite-s1" title="com.webtest.testCases.LoginTest" hash-for-method="test_shelvesManagent_delete">test_shelvesManagent_delete</a> <!-- method navigator-link -->
                      </span>
                      <br/>
                      <span>
                        <img width="3%" src="failed.png"/>
                        <a href="#" class="method navigator-link" panel-name="suite-s1" title="com.webtest.testCases.LoginTest" hash-for-method="test_shelvesManagent_search(1, 0, 0, 1)">test_shelvesManagent_search(1, 0, 0, 1)</a> <!-- method navigator-link -->
                      </span>
                      <br/>
                      <span>
                        <img width="3%" src="failed.png"/>
                        <a href="#" class="method navigator-link" panel-name="suite-s1" title="com.webtest.testCases.LoginTest" hash-for-method="test_shelvesManagent_update(CA1, update)">test_shelvesManagent_update(CA1, update)</a> <!-- method navigator-link -->
                      </span>
                      <br/>
                      <span>
                        <img width="3%" src="failed.png"/>
                        <a href="#" class="method navigator-link" panel-name="suite-s1" title="com.webtest.testCases.LoginTest" hash-for-method="test_storageSpace_search(0, 17122705595244343)">test_storageSpace_search(0, 17122705595244343)</a> <!-- method navigator-link -->
                      </span>
                      <br/>
                      <span>
                        <img width="3%" src="failed.png"/>
                        <a href="#" class="method navigator-link" panel-name="suite-s1" title="com.webtest.testCases.LoginTest" hash-for-method="test_strongSpace_delete">test_strongSpace_delete</a> <!-- method navigator-link -->
                      </span>
                      <br/>
                      <span>
                        <img width="3%" src="failed.png"/>
                        <a href="#" class="method navigator-link" panel-name="suite-s1" title="com.webtest.testCases.LoginTest" hash-for-method="test_strongSpace_update(C, test_updatecqu)">test_strongSpace_update(C, test_updatecqu)</a> <!-- method navigator-link -->
                      </span>
                      <br/>
                    </div> <!-- method-list-content failed suite-s1 -->
                  </li>
                  <li>
                    <span class="method-list-title passed">Passed methods</span>
                    <span class="show-or-hide-methods passed">
                      <a href="#" panel-name="suite-s1" class="hide-methods passed suite-s1"> (hide)</a> <!-- hide-methods passed suite-s1 -->
                      <a href="#" panel-name="suite-s1" class="show-methods passed suite-s1"> (show)</a> <!-- show-methods passed suite-s1 -->
                    </span>
                    <div class="method-list-content passed suite-s1">
                      <span>
                        <img width="3%" src="passed.png"/>
                        <a href="#" class="method navigator-link" panel-name="suite-s1" title="com.webtest.testCases.LoginTest" hash-for-method="test_delete_success">test_delete_success</a> <!-- method navigator-link -->
                      </span>
                      <br/>
                      <span>
                        <img width="3%" src="passed.png"/>
                        <a href="#" class="method navigator-link" panel-name="suite-s1" title="com.webtest.testCases.LoginTest" hash-for-method="test_productCategory_search(phone, 0)">test_productCategory_search(phone, 0)</a> <!-- method navigator-link -->
                      </span>
                      <br/>
                      <span>
                        <img width="3%" src="passed.png"/>
                        <a href="#" class="method navigator-link" panel-name="suite-s1" title="com.webtest.testCases.LoginTest" hash-for-method="test_productManagement_search(10, 0)">test_productManagement_search(10, 0)</a> <!-- method navigator-link -->
                      </span>
                      <br/>
                      <span>
                        <img width="3%" src="passed.png"/>
                        <a href="#" class="method navigator-link" panel-name="suite-s1" title="com.webtest.testCases.LoginTest" hash-for-method="test_storageSpace_add(C, test_addC)">test_storageSpace_add(C, test_addC)</a> <!-- method navigator-link -->
                      </span>
                      <br/>
                      <span>
                        <img width="3%" src="passed.png"/>
                        <a href="#" class="method navigator-link" panel-name="suite-s1" title="com.webtest.testCases.LoginTest" hash-for-method="test_warehourse_add(newwarehourse, liulu, 123456, new warehourse)">test_warehourse_add(newwarehourse, liulu, 123456, new warehourse)</a> <!-- method navigator-link -->
                      </span>
                      <br/>
                      <span>
                        <img width="3%" src="passed.png"/>
                        <a href="#" class="method navigator-link" panel-name="suite-s1" title="com.webtest.testCases.LoginTest" hash-for-method="test_warehourse_search(0, 0, 0, 0)">test_warehourse_search(0, 0, 0, 0)</a> <!-- method navigator-link -->
                      </span>
                      <br/>
                      <span>
                        <img width="3%" src="passed.png"/>
                        <a href="#" class="method navigator-link" panel-name="suite-s1" title="com.webtest.testCases.LoginTest" hash-for-method="test_warehourse_update(nwarehourse, test, 15052850085, update)">test_warehourse_update(nwarehourse, test, 15052850085, update)</a> <!-- method navigator-link -->
                      </span>
                      <br/>
                    </div> <!-- method-list-content passed suite-s1 -->
                  </li>
                </ul>
              </div> <!-- suite-section-content -->
            </div> <!-- result-section -->
          </div> <!-- navigator-suite-content -->
        </div> <!-- rounded-window -->
      </div> <!-- suite -->
    </div> <!-- navigator-root -->
    <div class="wrapper">
      <div class="main-panel-root">
        <div panel-name="suite-s1" class="panel s1">
          <div class="suite-s1-class-failed">
            <div class="main-panel-header rounded-window-top">
              <img src="failed.png"/>
              <span class="class-name">com.webtest.testCases.LoginTest</span>
            </div> <!-- main-panel-header rounded-window-top -->
            <div class="main-panel-content rounded-window-bottom">
              <div class="method">
                <div class="method-content">
                  <a name="test_Suppliers_add(add_company, addresstest, addcontact_test, 111111, 123@qq.com, chuanzhen, beizhu)">
                  </a> <!-- test_Suppliers_add(add_company, addresstest, addcontact_test, 111111, 123@qq.com, chuanzhen, beizhu) -->
                  <span class="method-name">test_Suppliers_add</span>
                  <span class="parameters">(add_company, addresstest, addcontact_test, 111111, 123@qq.com, chuanzhen, beizhu)</span>
                  <div class="stack-trace">org.openqa.selenium.ElementClickInterceptedException: Element &lt;a href=&quot;/supplier/index&quot;&gt; is not clickable at point (100,394) because another element &lt;div id=&quot;modal-edit&quot; class=&quot;modal fade  in&quot;&gt; obscures it
Build info: version: &apos;3.141.59&apos;, revision: &apos;e82be7d358&apos;, time: &apos;2018-11-14T08:25:53&apos;
System info: host: &apos;LAPTOP-0356DV5C&apos;, ip: &apos;192.168.147.1&apos;, os.name: &apos;Windows 10&apos;, os.arch: &apos;amd64&apos;, os.version: &apos;10.0&apos;, java.version: &apos;1.8.0_231&apos;
Driver info: org.openqa.selenium.firefox.FirefoxDriver
Capabilities {acceptInsecureCerts: true, browserName: firefox, browserVersion: 73.0.1, javascriptEnabled: true, moz:accessibilityChecks: false, moz:buildID: 20200217142647, moz:geckodriverVersion: 0.24.0, moz:headless: false, moz:processID: 3656, moz:profile: C:\Users\87046\AppData\Loca..., moz:shutdownTimeout: 60000, moz:useNonSpecCompliantPointerOrigin: false, moz:webdriverClick: true, pageLoadStrategy: normal, platform: WINDOWS, platformName: WINDOWS, platformVersion: 10.0, rotatable: false, setWindowRect: true, strictFileInteractability: false, timeouts: {implicit: 0, pageLoad: 300000, script: 30000}, unhandledPromptBehavior: dismiss and notify}
Session ID: a9f5dcb7-32e4-420e-9824-1cdb4c3c62a7
	at org.openqa.selenium.remote.http.W3CHttpResponseCodec.createException(W3CHttpResponseCodec.java:187)
	at org.openqa.selenium.remote.http.W3CHttpResponseCodec.decode(W3CHttpResponseCodec.java:122)
	at org.openqa.selenium.remote.http.W3CHttpResponseCodec.decode(W3CHttpResponseCodec.java:49)
	at org.openqa.selenium.remote.HttpCommandExecutor.execute(HttpCommandExecutor.java:158)
	at org.openqa.selenium.remote.service.DriverCommandExecutor.execute(DriverCommandExecutor.java:83)
	at org.openqa.selenium.remote.RemoteWebDriver.execute(RemoteWebDriver.java:552)
	at org.openqa.selenium.remote.RemoteWebElement.execute(RemoteWebElement.java:285)
	at org.openqa.selenium.remote.RemoteWebElement.click(RemoteWebElement.java:84)
	at com.webtest.core.WebDriverEngine.click(WebDriverEngine.java:151)
	at com.webtest.testCases.LoginTest.test_Suppliers_add(LoginTest.java:319)
	at java.util.ArrayList.forEach(Unknown Source)
... Removed 30 stack frames
</div> <!-- stack-trace -->
                </div> <!-- method-content -->
              </div> <!-- method -->
              <div class="method">
                <div class="method-content">
                  <a name="test_Suppliers_delete">
                  </a> <!-- test_Suppliers_delete -->
                  <span class="method-name">test_Suppliers_delete</span>
                  <div class="stack-trace">java.lang.IndexOutOfBoundsException: Index: 3, Size: 3
	at java.util.ArrayList.rangeCheck(Unknown Source)
	at java.util.ArrayList.get(Unknown Source)
	at com.webtest.testCases.LoginTest.test_Suppliers_delete(LoginTest.java:367)
	at java.util.ArrayList.forEach(Unknown Source)
... Removed 26 stack frames
</div> <!-- stack-trace -->
                </div> <!-- method-content -->
              </div> <!-- method -->
              <div class="method">
                <div class="method-content">
                  <a name="test_Suppliers_search(鍏徃, 0, 0, 0, 0)">
                  </a> <!-- test_Suppliers_search(鍏徃, 0, 0, 0, 0) -->
                  <span class="method-name">test_Suppliers_search</span>
                  <span class="parameters">(鍏徃, 0, 0, 0, 0)</span>
                  <div class="stack-trace">org.openqa.selenium.ElementClickInterceptedException: Element &lt;button class=&quot;btn btn-default btn-primary&quot; type=&quot;submit&quot;&gt; is not clickable at point (1055,234) because another element &lt;div id=&quot;modal-edit&quot; class=&quot;modal fade  in&quot;&gt; obscures it
Build info: version: &apos;3.141.59&apos;, revision: &apos;e82be7d358&apos;, time: &apos;2018-11-14T08:25:53&apos;
System info: host: &apos;LAPTOP-0356DV5C&apos;, ip: &apos;192.168.147.1&apos;, os.name: &apos;Windows 10&apos;, os.arch: &apos;amd64&apos;, os.version: &apos;10.0&apos;, java.version: &apos;1.8.0_231&apos;
Driver info: org.openqa.selenium.firefox.FirefoxDriver
Capabilities {acceptInsecureCerts: true, browserName: firefox, browserVersion: 73.0.1, javascriptEnabled: true, moz:accessibilityChecks: false, moz:buildID: 20200217142647, moz:geckodriverVersion: 0.24.0, moz:headless: false, moz:processID: 3656, moz:profile: C:\Users\87046\AppData\Loca..., moz:shutdownTimeout: 60000, moz:useNonSpecCompliantPointerOrigin: false, moz:webdriverClick: true, pageLoadStrategy: normal, platform: WINDOWS, platformName: WINDOWS, platformVersion: 10.0, rotatable: false, setWindowRect: true, strictFileInteractability: false, timeouts: {implicit: 0, pageLoad: 300000, script: 30000}, unhandledPromptBehavior: dismiss and notify}
Session ID: a9f5dcb7-32e4-420e-9824-1cdb4c3c62a7
	at org.openqa.selenium.remote.http.W3CHttpResponseCodec.createException(W3CHttpResponseCodec.java:187)
	at org.openqa.selenium.remote.http.W3CHttpResponseCodec.decode(W3CHttpResponseCodec.java:122)
	at org.openqa.selenium.remote.http.W3CHttpResponseCodec.decode(W3CHttpResponseCodec.java:49)
	at org.openqa.selenium.remote.HttpCommandExecutor.execute(HttpCommandExecutor.java:158)
	at org.openqa.selenium.remote.service.DriverCommandExecutor.execute(DriverCommandExecutor.java:83)
	at org.openqa.selenium.remote.RemoteWebDriver.execute(RemoteWebDriver.java:552)
	at org.openqa.selenium.remote.RemoteWebElement.execute(RemoteWebElement.java:285)
	at org.openqa.selenium.remote.RemoteWebElement.click(RemoteWebElement.java:84)
	at com.webtest.testCases.LoginTest.test_Suppliers_search(LoginTest.java:310)
	at java.util.ArrayList.forEach(Unknown Source)
... Removed 30 stack frames
</div> <!-- stack-trace -->
                </div> <!-- method-content -->
              </div> <!-- method -->
              <div class="method">
                <div class="method-content">
                  <a name="test_Suppliers_update(desc)">
                  </a> <!-- test_Suppliers_update(desc) -->
                  <span class="method-name">test_Suppliers_update</span>
                  <span class="parameters">(desc)</span>
                  <div class="stack-trace">java.lang.IndexOutOfBoundsException: Index: 3, Size: 3
	at java.util.ArrayList.rangeCheck(Unknown Source)
	at java.util.ArrayList.get(Unknown Source)
	at com.webtest.testCases.LoginTest.test_Suppliers_update(LoginTest.java:350)
	at java.util.ArrayList.forEach(Unknown Source)
... Removed 26 stack frames
</div> <!-- stack-trace -->
                </div> <!-- method-content -->
              </div> <!-- method -->
              <div class="method">
                <div class="method-content">
                  <a name="test_Unit_add(tong, new)">
                  </a> <!-- test_Unit_add(tong, new) -->
                  <span class="method-name">test_Unit_add</span>
                  <span class="parameters">(tong, new)</span>
                  <div class="stack-trace">org.openqa.selenium.ElementClickInterceptedException: Element &lt;a href=&quot;/unit/index&quot;&gt; is not clickable at point (100,484) because another element &lt;div id=&quot;modal-edit&quot; class=&quot;modal fade  in&quot;&gt; obscures it
Build info: version: &apos;3.141.59&apos;, revision: &apos;e82be7d358&apos;, time: &apos;2018-11-14T08:25:53&apos;
System info: host: &apos;LAPTOP-0356DV5C&apos;, ip: &apos;192.168.147.1&apos;, os.name: &apos;Windows 10&apos;, os.arch: &apos;amd64&apos;, os.version: &apos;10.0&apos;, java.version: &apos;1.8.0_231&apos;
Driver info: org.openqa.selenium.firefox.FirefoxDriver
Capabilities {acceptInsecureCerts: true, browserName: firefox, browserVersion: 73.0.1, javascriptEnabled: true, moz:accessibilityChecks: false, moz:buildID: 20200217142647, moz:geckodriverVersion: 0.24.0, moz:headless: false, moz:processID: 3656, moz:profile: C:\Users\87046\AppData\Loca..., moz:shutdownTimeout: 60000, moz:useNonSpecCompliantPointerOrigin: false, moz:webdriverClick: true, pageLoadStrategy: normal, platform: WINDOWS, platformName: WINDOWS, platformVersion: 10.0, rotatable: false, setWindowRect: true, strictFileInteractability: false, timeouts: {implicit: 0, pageLoad: 300000, script: 30000}, unhandledPromptBehavior: dismiss and notify}
Session ID: a9f5dcb7-32e4-420e-9824-1cdb4c3c62a7
	at org.openqa.selenium.remote.http.W3CHttpResponseCodec.createException(W3CHttpResponseCodec.java:187)
	at org.openqa.selenium.remote.http.W3CHttpResponseCodec.decode(W3CHttpResponseCodec.java:122)
	at org.openqa.selenium.remote.http.W3CHttpResponseCodec.decode(W3CHttpResponseCodec.java:49)
	at org.openqa.selenium.remote.HttpCommandExecutor.execute(HttpCommandExecutor.java:158)
	at org.openqa.selenium.remote.service.DriverCommandExecutor.execute(DriverCommandExecutor.java:83)
	at org.openqa.selenium.remote.RemoteWebDriver.execute(RemoteWebDriver.java:552)
	at org.openqa.selenium.remote.RemoteWebElement.execute(RemoteWebElement.java:285)
	at org.openqa.selenium.remote.RemoteWebElement.click(RemoteWebElement.java:84)
	at com.webtest.core.WebDriverEngine.click(WebDriverEngine.java:151)
	at com.webtest.testCases.LoginTest.test_Unit_add(LoginTest.java:390)
	at java.util.ArrayList.forEach(Unknown Source)
... Removed 30 stack frames
</div> <!-- stack-trace -->
                </div> <!-- method-content -->
              </div> <!-- method -->
              <div class="method">
                <div class="method-content">
                  <a name="test_Unit_alert(desc)">
                  </a> <!-- test_Unit_alert(desc) -->
                  <span class="method-name">test_Unit_alert</span>
                  <span class="parameters">(desc)</span>
                  <div class="stack-trace">java.lang.IndexOutOfBoundsException: Index: 5, Size: 3
	at java.util.ArrayList.rangeCheck(Unknown Source)
	at java.util.ArrayList.get(Unknown Source)
	at com.webtest.testCases.LoginTest.test_Unit_alert(LoginTest.java:406)
	at java.util.ArrayList.forEach(Unknown Source)
... Removed 26 stack frames
</div> <!-- stack-trace -->
                </div> <!-- method-content -->
              </div> <!-- method -->
              <div class="method">
                <div class="method-content">
                  <a name="test_Unit_delete">
                  </a> <!-- test_Unit_delete -->
                  <span class="method-name">test_Unit_delete</span>
                  <div class="stack-trace">java.lang.IndexOutOfBoundsException: Index: 5, Size: 3
	at java.util.ArrayList.rangeCheck(Unknown Source)
	at java.util.ArrayList.get(Unknown Source)
	at com.webtest.testCases.LoginTest.test_Unit_delete(LoginTest.java:423)
	at java.util.ArrayList.forEach(Unknown Source)
... Removed 26 stack frames
</div> <!-- stack-trace -->
                </div> <!-- method-content -->
              </div> <!-- method -->
              <div class="method">
                <div class="method-content">
                  <a name="test_Unit_search(0, 0)">
                  </a> <!-- test_Unit_search(0, 0) -->
                  <span class="method-name">test_Unit_search</span>
                  <span class="parameters">(0, 0)</span>
                  <div class="stack-trace">org.openqa.selenium.ElementClickInterceptedException: Element &lt;button class=&quot;btn btn-default btn-primary&quot; type=&quot;submit&quot;&gt; is not clickable at point (1055,234) because another element &lt;div id=&quot;modal-edit&quot; class=&quot;modal fade  in&quot;&gt; obscures it
Build info: version: &apos;3.141.59&apos;, revision: &apos;e82be7d358&apos;, time: &apos;2018-11-14T08:25:53&apos;
System info: host: &apos;LAPTOP-0356DV5C&apos;, ip: &apos;192.168.147.1&apos;, os.name: &apos;Windows 10&apos;, os.arch: &apos;amd64&apos;, os.version: &apos;10.0&apos;, java.version: &apos;1.8.0_231&apos;
Driver info: org.openqa.selenium.firefox.FirefoxDriver
Capabilities {acceptInsecureCerts: true, browserName: firefox, browserVersion: 73.0.1, javascriptEnabled: true, moz:accessibilityChecks: false, moz:buildID: 20200217142647, moz:geckodriverVersion: 0.24.0, moz:headless: false, moz:processID: 3656, moz:profile: C:\Users\87046\AppData\Loca..., moz:shutdownTimeout: 60000, moz:useNonSpecCompliantPointerOrigin: false, moz:webdriverClick: true, pageLoadStrategy: normal, platform: WINDOWS, platformName: WINDOWS, platformVersion: 10.0, rotatable: false, setWindowRect: true, strictFileInteractability: false, timeouts: {implicit: 0, pageLoad: 300000, script: 30000}, unhandledPromptBehavior: dismiss and notify}
Session ID: a9f5dcb7-32e4-420e-9824-1cdb4c3c62a7
	at org.openqa.selenium.remote.http.W3CHttpResponseCodec.createException(W3CHttpResponseCodec.java:187)
	at org.openqa.selenium.remote.http.W3CHttpResponseCodec.decode(W3CHttpResponseCodec.java:122)
	at org.openqa.selenium.remote.http.W3CHttpResponseCodec.decode(W3CHttpResponseCodec.java:49)
	at org.openqa.selenium.remote.HttpCommandExecutor.execute(HttpCommandExecutor.java:158)
	at org.openqa.selenium.remote.service.DriverCommandExecutor.execute(DriverCommandExecutor.java:83)
	at org.openqa.selenium.remote.RemoteWebDriver.execute(RemoteWebDriver.java:552)
	at org.openqa.selenium.remote.RemoteWebElement.execute(RemoteWebElement.java:285)
	at org.openqa.selenium.remote.RemoteWebElement.click(RemoteWebElement.java:84)
	at com.webtest.testCases.LoginTest.test_Unit_search(LoginTest.java:384)
	at java.util.ArrayList.forEach(Unknown Source)
... Removed 30 stack frames
</div> <!-- stack-trace -->
                </div> <!-- method-content -->
              </div> <!-- method -->
              <div class="method">
                <div class="method-content">
                  <a name="test_companyManagent_add(new_testCompany, 14513378193, 870461498@qq.com, heb)">
                  </a> <!-- test_companyManagent_add(new_testCompany, 14513378193, 870461498@qq.com, heb) -->
                  <span class="method-name">test_companyManagent_add</span>
                  <span class="parameters">(new_testCompany, 14513378193, 870461498@qq.com, heb)</span>
                  <div class="stack-trace">org.openqa.selenium.ElementClickInterceptedException: Element &lt;a href=&quot;/company/index&quot;&gt; is not clickable at point (100,561) because another element &lt;div id=&quot;modal-add&quot; class=&quot;modal fade  in&quot;&gt; obscures it
Build info: version: &apos;3.141.59&apos;, revision: &apos;e82be7d358&apos;, time: &apos;2018-11-14T08:25:53&apos;
System info: host: &apos;LAPTOP-0356DV5C&apos;, ip: &apos;192.168.147.1&apos;, os.name: &apos;Windows 10&apos;, os.arch: &apos;amd64&apos;, os.version: &apos;10.0&apos;, java.version: &apos;1.8.0_231&apos;
Driver info: org.openqa.selenium.firefox.FirefoxDriver
Capabilities {acceptInsecureCerts: true, browserName: firefox, browserVersion: 73.0.1, javascriptEnabled: true, moz:accessibilityChecks: false, moz:buildID: 20200217142647, moz:geckodriverVersion: 0.24.0, moz:headless: false, moz:processID: 3656, moz:profile: C:\Users\87046\AppData\Loca..., moz:shutdownTimeout: 60000, moz:useNonSpecCompliantPointerOrigin: false, moz:webdriverClick: true, pageLoadStrategy: normal, platform: WINDOWS, platformName: WINDOWS, platformVersion: 10.0, rotatable: false, setWindowRect: true, strictFileInteractability: false, timeouts: {implicit: 0, pageLoad: 300000, script: 30000}, unhandledPromptBehavior: dismiss and notify}
Session ID: a9f5dcb7-32e4-420e-9824-1cdb4c3c62a7
	at org.openqa.selenium.remote.http.W3CHttpResponseCodec.createException(W3CHttpResponseCodec.java:187)
	at org.openqa.selenium.remote.http.W3CHttpResponseCodec.decode(W3CHttpResponseCodec.java:122)
	at org.openqa.selenium.remote.http.W3CHttpResponseCodec.decode(W3CHttpResponseCodec.java:49)
	at org.openqa.selenium.remote.HttpCommandExecutor.execute(HttpCommandExecutor.java:158)
	at org.openqa.selenium.remote.service.DriverCommandExecutor.execute(DriverCommandExecutor.java:83)
	at org.openqa.selenium.remote.RemoteWebDriver.execute(RemoteWebDriver.java:552)
	at org.openqa.selenium.remote.RemoteWebElement.execute(RemoteWebElement.java:285)
	at org.openqa.selenium.remote.RemoteWebElement.click(RemoteWebElement.java:84)
	at com.webtest.core.WebDriverEngine.click(WebDriverEngine.java:151)
	at com.webtest.testCases.LoginTest.test_companyManagent_add(LoginTest.java:558)
	at java.util.ArrayList.forEach(Unknown Source)
... Removed 30 stack frames
</div> <!-- stack-trace -->
                </div> <!-- method-content -->
              </div> <!-- method -->
              <div class="method">
                <div class="method-content">
                  <a name="test_companyManagent_delete">
                  </a> <!-- test_companyManagent_delete -->
                  <span class="method-name">test_companyManagent_delete</span>
                  <div class="stack-trace">java.lang.IndexOutOfBoundsException: Index: 5, Size: 2
	at java.util.ArrayList.rangeCheck(Unknown Source)
	at java.util.ArrayList.get(Unknown Source)
	at com.webtest.testCases.LoginTest.test_companyManagent_delete(LoginTest.java:609)
	at java.util.ArrayList.forEach(Unknown Source)
... Removed 26 stack frames
</div> <!-- stack-trace -->
                </div> <!-- method-content -->
              </div> <!-- method -->
              <div class="method">
                <div class="method-content">
                  <a name="test_companyManagent_search(company, 0, 0, 0)">
                  </a> <!-- test_companyManagent_search(company, 0, 0, 0) -->
                  <span class="method-name">test_companyManagent_search</span>
                  <span class="parameters">(company, 0, 0, 0)</span>
                  <div class="stack-trace">org.openqa.selenium.ElementNotInteractableException: Element &lt;input class=&quot;form-control&quot; name=&quot;name&quot; type=&quot;text&quot;&gt; is not reachable by keyboard
Build info: version: &apos;3.141.59&apos;, revision: &apos;e82be7d358&apos;, time: &apos;2018-11-14T08:25:53&apos;
System info: host: &apos;LAPTOP-0356DV5C&apos;, ip: &apos;192.168.147.1&apos;, os.name: &apos;Windows 10&apos;, os.arch: &apos;amd64&apos;, os.version: &apos;10.0&apos;, java.version: &apos;1.8.0_231&apos;
Driver info: org.openqa.selenium.firefox.FirefoxDriver
Capabilities {acceptInsecureCerts: true, browserName: firefox, browserVersion: 73.0.1, javascriptEnabled: true, moz:accessibilityChecks: false, moz:buildID: 20200217142647, moz:geckodriverVersion: 0.24.0, moz:headless: false, moz:processID: 3656, moz:profile: C:\Users\87046\AppData\Loca..., moz:shutdownTimeout: 60000, moz:useNonSpecCompliantPointerOrigin: false, moz:webdriverClick: true, pageLoadStrategy: normal, platform: WINDOWS, platformName: WINDOWS, platformVersion: 10.0, rotatable: false, setWindowRect: true, strictFileInteractability: false, timeouts: {implicit: 0, pageLoad: 300000, script: 30000}, unhandledPromptBehavior: dismiss and notify}
Session ID: a9f5dcb7-32e4-420e-9824-1cdb4c3c62a7
	at org.openqa.selenium.remote.http.W3CHttpResponseCodec.createException(W3CHttpResponseCodec.java:187)
	at org.openqa.selenium.remote.http.W3CHttpResponseCodec.decode(W3CHttpResponseCodec.java:122)
	at org.openqa.selenium.remote.http.W3CHttpResponseCodec.decode(W3CHttpResponseCodec.java:49)
	at org.openqa.selenium.remote.HttpCommandExecutor.execute(HttpCommandExecutor.java:158)
	at org.openqa.selenium.remote.service.DriverCommandExecutor.execute(DriverCommandExecutor.java:83)
	at org.openqa.selenium.remote.RemoteWebDriver.execute(RemoteWebDriver.java:552)
	at org.openqa.selenium.remote.RemoteWebElement.execute(RemoteWebElement.java:285)
	at org.openqa.selenium.remote.RemoteWebElement.sendKeys(RemoteWebElement.java:106)
	at com.webtest.core.WebDriverEngine.type(WebDriverEngine.java:138)
	at com.webtest.testCases.LoginTest.test_companyManagent_search(LoginTest.java:546)
	at java.util.ArrayList.forEach(Unknown Source)
... Removed 30 stack frames
</div> <!-- stack-trace -->
                </div> <!-- method-content -->
              </div> <!-- method -->
              <div class="method">
                <div class="method-content">
                  <a name="test_companyManagent_update(newCompany, 14513378193, 870461498@qq.com, baoding, desc)">
                  </a> <!-- test_companyManagent_update(newCompany, 14513378193, 870461498@qq.com, baoding, desc) -->
                  <span class="method-name">test_companyManagent_update</span>
                  <span class="parameters">(newCompany, 14513378193, 870461498@qq.com, baoding, desc)</span>
                  <div class="stack-trace">java.lang.IndexOutOfBoundsException: Index: 5, Size: 2
	at java.util.ArrayList.rangeCheck(Unknown Source)
	at java.util.ArrayList.get(Unknown Source)
	at com.webtest.testCases.LoginTest.test_companyManagent_update(LoginTest.java:587)
	at java.util.ArrayList.forEach(Unknown Source)
... Removed 26 stack frames
</div> <!-- stack-trace -->
                </div> <!-- method-content -->
              </div> <!-- method -->
              <div class="method">
                <div class="method-content">
                  <a name="test_login">
                  </a> <!-- test_login -->
                  <span class="method-name">test_login</span>
                  <div class="stack-trace">java.lang.AssertionError: expected [true] but found [false]
	at com.webtest.testCases.LoginTest.test_login(LoginTest.java:32)
	at java.util.ArrayList.forEach(Unknown Source)
... Removed 30 stack frames
</div> <!-- stack-trace -->
                </div> <!-- method-content -->
              </div> <!-- method -->
              <div class="method">
                <div class="method-content">
                  <a name="test_productCategory_add(phone, new_phone)">
                  </a> <!-- test_productCategory_add(phone, new_phone) -->
                  <span class="method-name">test_productCategory_add</span>
                  <span class="parameters">(phone, new_phone)</span>
                  <div class="stack-trace">org.openqa.selenium.ElementClickInterceptedException: Element &lt;a href=&quot;/category/index&quot;&gt; is not clickable at point (100,530) because another element &lt;div id=&quot;modal-edit&quot; class=&quot;modal fade  in&quot;&gt; obscures it
Build info: version: &apos;3.141.59&apos;, revision: &apos;e82be7d358&apos;, time: &apos;2018-11-14T08:25:53&apos;
System info: host: &apos;LAPTOP-0356DV5C&apos;, ip: &apos;192.168.147.1&apos;, os.name: &apos;Windows 10&apos;, os.arch: &apos;amd64&apos;, os.version: &apos;10.0&apos;, java.version: &apos;1.8.0_231&apos;
Driver info: org.openqa.selenium.firefox.FirefoxDriver
Capabilities {acceptInsecureCerts: true, browserName: firefox, browserVersion: 73.0.1, javascriptEnabled: true, moz:accessibilityChecks: false, moz:buildID: 20200217142647, moz:geckodriverVersion: 0.24.0, moz:headless: false, moz:processID: 3656, moz:profile: C:\Users\87046\AppData\Loca..., moz:shutdownTimeout: 60000, moz:useNonSpecCompliantPointerOrigin: false, moz:webdriverClick: true, pageLoadStrategy: normal, platform: WINDOWS, platformName: WINDOWS, platformVersion: 10.0, rotatable: false, setWindowRect: true, strictFileInteractability: false, timeouts: {implicit: 0, pageLoad: 300000, script: 30000}, unhandledPromptBehavior: dismiss and notify}
Session ID: a9f5dcb7-32e4-420e-9824-1cdb4c3c62a7
	at org.openqa.selenium.remote.http.W3CHttpResponseCodec.createException(W3CHttpResponseCodec.java:187)
	at org.openqa.selenium.remote.http.W3CHttpResponseCodec.decode(W3CHttpResponseCodec.java:122)
	at org.openqa.selenium.remote.http.W3CHttpResponseCodec.decode(W3CHttpResponseCodec.java:49)
	at org.openqa.selenium.remote.HttpCommandExecutor.execute(HttpCommandExecutor.java:158)
	at org.openqa.selenium.remote.service.DriverCommandExecutor.execute(DriverCommandExecutor.java:83)
	at org.openqa.selenium.remote.RemoteWebDriver.execute(RemoteWebDriver.java:552)
	at org.openqa.selenium.remote.RemoteWebElement.execute(RemoteWebElement.java:285)
	at org.openqa.selenium.remote.RemoteWebElement.click(RemoteWebElement.java:84)
	at com.webtest.core.WebDriverEngine.click(WebDriverEngine.java:151)
	at com.webtest.testCases.LoginTest.test_productCategory_add(LoginTest.java:448)
	at java.util.ArrayList.forEach(Unknown Source)
... Removed 30 stack frames
</div> <!-- stack-trace -->
                </div> <!-- method-content -->
              </div> <!-- method -->
              <div class="method">
                <div class="method-content">
                  <a name="test_productCategory_delete">
                  </a> <!-- test_productCategory_delete -->
                  <span class="method-name">test_productCategory_delete</span>
                  <div class="stack-trace">java.lang.IndexOutOfBoundsException: Index: 3, Size: 3
	at java.util.ArrayList.rangeCheck(Unknown Source)
	at java.util.ArrayList.get(Unknown Source)
	at com.webtest.testCases.LoginTest.test_productCategory_delete(LoginTest.java:478)
	at java.util.ArrayList.forEach(Unknown Source)
... Removed 26 stack frames
</div> <!-- stack-trace -->
                </div> <!-- method-content -->
              </div> <!-- method -->
              <div class="method">
                <div class="method-content">
                  <a name="test_productCategory_update(update)">
                  </a> <!-- test_productCategory_update(update) -->
                  <span class="method-name">test_productCategory_update</span>
                  <span class="parameters">(update)</span>
                  <div class="stack-trace">java.lang.IndexOutOfBoundsException: Index: 3, Size: 3
	at java.util.ArrayList.rangeCheck(Unknown Source)
	at java.util.ArrayList.get(Unknown Source)
	at com.webtest.testCases.LoginTest.test_productCategory_update(LoginTest.java:464)
	at java.util.ArrayList.forEach(Unknown Source)
... Removed 26 stack frames
</div> <!-- stack-trace -->
                </div> <!-- method-content -->
              </div> <!-- method -->
              <div class="method">
                <div class="method-content">
                  <a name="test_productManagement_add(10, new)">
                  </a> <!-- test_productManagement_add(10, new) -->
                  <span class="method-name">test_productManagement_add</span>
                  <span class="parameters">(10, new)</span>
                  <div class="stack-trace">org.openqa.selenium.NoSuchElementException: Unable to locate element: //textarea[@placeholder=&apos;å¤æ³¨&apos;]
For documentation on this error, please visit: https://www.seleniumhq.org/exceptions/no_such_element.html
Build info: version: &apos;3.141.59&apos;, revision: &apos;e82be7d358&apos;, time: &apos;2018-11-14T08:25:53&apos;
System info: host: &apos;LAPTOP-0356DV5C&apos;, ip: &apos;192.168.147.1&apos;, os.name: &apos;Windows 10&apos;, os.arch: &apos;amd64&apos;, os.version: &apos;10.0&apos;, java.version: &apos;1.8.0_231&apos;
Driver info: org.openqa.selenium.firefox.FirefoxDriver
Capabilities {acceptInsecureCerts: true, browserName: firefox, browserVersion: 73.0.1, javascriptEnabled: true, moz:accessibilityChecks: false, moz:buildID: 20200217142647, moz:geckodriverVersion: 0.24.0, moz:headless: false, moz:processID: 3656, moz:profile: C:\Users\87046\AppData\Loca..., moz:shutdownTimeout: 60000, moz:useNonSpecCompliantPointerOrigin: false, moz:webdriverClick: true, pageLoadStrategy: normal, platform: WINDOWS, platformName: WINDOWS, platformVersion: 10.0, rotatable: false, setWindowRect: true, strictFileInteractability: false, timeouts: {implicit: 0, pageLoad: 300000, script: 30000}, unhandledPromptBehavior: dismiss and notify}
Session ID: a9f5dcb7-32e4-420e-9824-1cdb4c3c62a7
*** Element info: {Using=xpath, value=//textarea[@placeholder=&apos;å¤æ³¨&apos;]}
	at org.openqa.selenium.remote.http.W3CHttpResponseCodec.createException(W3CHttpResponseCodec.java:187)
	at org.openqa.selenium.remote.http.W3CHttpResponseCodec.decode(W3CHttpResponseCodec.java:122)
	at org.openqa.selenium.remote.http.W3CHttpResponseCodec.decode(W3CHttpResponseCodec.java:49)
	at org.openqa.selenium.remote.HttpCommandExecutor.execute(HttpCommandExecutor.java:158)
	at org.openqa.selenium.remote.service.DriverCommandExecutor.execute(DriverCommandExecutor.java:83)
	at org.openqa.selenium.remote.RemoteWebDriver.execute(RemoteWebDriver.java:552)
	at org.openqa.selenium.remote.RemoteWebDriver.findElement(RemoteWebDriver.java:323)
	at org.openqa.selenium.remote.RemoteWebDriver.findElementByXPath(RemoteWebDriver.java:428)
	at org.openqa.selenium.By$ByXPath.findElement(By.java:353)
	at org.openqa.selenium.remote.RemoteWebDriver.findElement(RemoteWebDriver.java:315)
	at com.webtest.testCases.LoginTest.test_productManagement_add(LoginTest.java:507)
	at java.util.ArrayList.forEach(Unknown Source)
... Removed 30 stack frames
</div> <!-- stack-trace -->
                </div> <!-- method-content -->
              </div> <!-- method -->
              <div class="method">
                <div class="method-content">
                  <a name="test_productManagement_delete">
                  </a> <!-- test_productManagement_delete -->
                  <span class="method-name">test_productManagement_delete</span>
                  <div class="stack-trace">java.lang.IndexOutOfBoundsException: Index: 2, Size: 2
	at java.util.ArrayList.rangeCheck(Unknown Source)
	at java.util.ArrayList.get(Unknown Source)
	at com.webtest.testCases.LoginTest.test_productManagement_delete(LoginTest.java:532)
	at java.util.ArrayList.forEach(Unknown Source)
... Removed 26 stack frames
</div> <!-- stack-trace -->
                </div> <!-- method-content -->
              </div> <!-- method -->
              <div class="method">
                <div class="method-content">
                  <a name="test_productManagement_update(update)">
                  </a> <!-- test_productManagement_update(update) -->
                  <span class="method-name">test_productManagement_update</span>
                  <span class="parameters">(update)</span>
                  <div class="stack-trace">java.lang.IndexOutOfBoundsException: Index: 2, Size: 2
	at java.util.ArrayList.rangeCheck(Unknown Source)
	at java.util.ArrayList.get(Unknown Source)
	at com.webtest.testCases.LoginTest.test_productManagement_update(LoginTest.java:518)
	at java.util.ArrayList.forEach(Unknown Source)
... Removed 26 stack frames
</div> <!-- stack-trace -->
                </div> <!-- method-content -->
              </div> <!-- method -->
              <div class="method">
                <div class="method-content">
                  <a name="test_shelvesManagent_add(CA1, desc)">
                  </a> <!-- test_shelvesManagent_add(CA1, desc) -->
                  <span class="method-name">test_shelvesManagent_add</span>
                  <span class="parameters">(CA1, desc)</span>
                  <div class="stack-trace">org.openqa.selenium.ElementClickInterceptedException: Element &lt;button class=&quot;btn btn-default btn-primary&quot;&gt; is not clickable at point (289,155) because another element &lt;div id=&quot;modal-add&quot; class=&quot;modal fade  in&quot;&gt; obscures it
Build info: version: &apos;3.141.59&apos;, revision: &apos;e82be7d358&apos;, time: &apos;2018-11-14T08:25:53&apos;
System info: host: &apos;LAPTOP-0356DV5C&apos;, ip: &apos;192.168.147.1&apos;, os.name: &apos;Windows 10&apos;, os.arch: &apos;amd64&apos;, os.version: &apos;10.0&apos;, java.version: &apos;1.8.0_231&apos;
Driver info: org.openqa.selenium.firefox.FirefoxDriver
Capabilities {acceptInsecureCerts: true, browserName: firefox, browserVersion: 73.0.1, javascriptEnabled: true, moz:accessibilityChecks: false, moz:buildID: 20200217142647, moz:geckodriverVersion: 0.24.0, moz:headless: false, moz:processID: 3656, moz:profile: C:\Users\87046\AppData\Loca..., moz:shutdownTimeout: 60000, moz:useNonSpecCompliantPointerOrigin: false, moz:webdriverClick: true, pageLoadStrategy: normal, platform: WINDOWS, platformName: WINDOWS, platformVersion: 10.0, rotatable: false, setWindowRect: true, strictFileInteractability: false, timeouts: {implicit: 0, pageLoad: 300000, script: 30000}, unhandledPromptBehavior: dismiss and notify}
Session ID: a9f5dcb7-32e4-420e-9824-1cdb4c3c62a7
	at org.openqa.selenium.remote.http.W3CHttpResponseCodec.createException(W3CHttpResponseCodec.java:187)
	at org.openqa.selenium.remote.http.W3CHttpResponseCodec.decode(W3CHttpResponseCodec.java:122)
	at org.openqa.selenium.remote.http.W3CHttpResponseCodec.decode(W3CHttpResponseCodec.java:49)
	at org.openqa.selenium.remote.HttpCommandExecutor.execute(HttpCommandExecutor.java:158)
	at org.openqa.selenium.remote.service.DriverCommandExecutor.execute(DriverCommandExecutor.java:83)
	at org.openqa.selenium.remote.RemoteWebDriver.execute(RemoteWebDriver.java:552)
	at org.openqa.selenium.remote.RemoteWebElement.execute(RemoteWebElement.java:285)
	at org.openqa.selenium.remote.RemoteWebElement.click(RemoteWebElement.java:84)
	at com.webtest.testCases.LoginTest.test_shelvesManagent_add(LoginTest.java:638)
	at java.util.ArrayList.forEach(Unknown Source)
... Removed 30 stack frames
</div> <!-- stack-trace -->
                </div> <!-- method-content -->
              </div> <!-- method -->
              <div class="method">
                <div class="method-content">
                  <a name="test_shelvesManagent_delete">
                  </a> <!-- test_shelvesManagent_delete -->
                  <span class="method-name">test_shelvesManagent_delete</span>
                  <div class="stack-trace">java.lang.IndexOutOfBoundsException: Index: 2, Size: 2
	at java.util.ArrayList.rangeCheck(Unknown Source)
	at java.util.ArrayList.get(Unknown Source)
	at com.webtest.testCases.LoginTest.test_shelvesManagent_delete(LoginTest.java:675)
	at java.util.ArrayList.forEach(Unknown Source)
... Removed 26 stack frames
</div> <!-- stack-trace -->
                </div> <!-- method-content -->
              </div> <!-- method -->
              <div class="method">
                <div class="method-content">
                  <a name="test_shelvesManagent_search(1, 0, 0, 1)">
                  </a> <!-- test_shelvesManagent_search(1, 0, 0, 1) -->
                  <span class="method-name">test_shelvesManagent_search</span>
                  <span class="parameters">(1, 0, 0, 1)</span>
                  <div class="stack-trace">org.openqa.selenium.ElementClickInterceptedException: Element &lt;a href=&quot;/shelve/index&quot;&gt; is not clickable at point (100,561) because another element &lt;div id=&quot;modal-add&quot; class=&quot;modal fade  in&quot;&gt; obscures it
Build info: version: &apos;3.141.59&apos;, revision: &apos;e82be7d358&apos;, time: &apos;2018-11-14T08:25:53&apos;
System info: host: &apos;LAPTOP-0356DV5C&apos;, ip: &apos;192.168.147.1&apos;, os.name: &apos;Windows 10&apos;, os.arch: &apos;amd64&apos;, os.version: &apos;10.0&apos;, java.version: &apos;1.8.0_231&apos;
Driver info: org.openqa.selenium.firefox.FirefoxDriver
Capabilities {acceptInsecureCerts: true, browserName: firefox, browserVersion: 73.0.1, javascriptEnabled: true, moz:accessibilityChecks: false, moz:buildID: 20200217142647, moz:geckodriverVersion: 0.24.0, moz:headless: false, moz:processID: 3656, moz:profile: C:\Users\87046\AppData\Loca..., moz:shutdownTimeout: 60000, moz:useNonSpecCompliantPointerOrigin: false, moz:webdriverClick: true, pageLoadStrategy: normal, platform: WINDOWS, platformName: WINDOWS, platformVersion: 10.0, rotatable: false, setWindowRect: true, strictFileInteractability: false, timeouts: {implicit: 0, pageLoad: 300000, script: 30000}, unhandledPromptBehavior: dismiss and notify}
Session ID: a9f5dcb7-32e4-420e-9824-1cdb4c3c62a7
	at org.openqa.selenium.remote.http.W3CHttpResponseCodec.createException(W3CHttpResponseCodec.java:187)
	at org.openqa.selenium.remote.http.W3CHttpResponseCodec.decode(W3CHttpResponseCodec.java:122)
	at org.openqa.selenium.remote.http.W3CHttpResponseCodec.decode(W3CHttpResponseCodec.java:49)
	at org.openqa.selenium.remote.HttpCommandExecutor.execute(HttpCommandExecutor.java:158)
	at org.openqa.selenium.remote.service.DriverCommandExecutor.execute(DriverCommandExecutor.java:83)
	at org.openqa.selenium.remote.RemoteWebDriver.execute(RemoteWebDriver.java:552)
	at org.openqa.selenium.remote.RemoteWebElement.execute(RemoteWebElement.java:285)
	at org.openqa.selenium.remote.RemoteWebElement.click(RemoteWebElement.java:84)
	at com.webtest.core.WebDriverEngine.click(WebDriverEngine.java:151)
	at com.webtest.testCases.LoginTest.test_shelvesManagent_search(LoginTest.java:621)
	at java.util.ArrayList.forEach(Unknown Source)
... Removed 30 stack frames
</div> <!-- stack-trace -->
                </div> <!-- method-content -->
              </div> <!-- method -->
              <div class="method">
                <div class="method-content">
                  <a name="test_shelvesManagent_update(CA1, update)">
                  </a> <!-- test_shelvesManagent_update(CA1, update) -->
                  <span class="method-name">test_shelvesManagent_update</span>
                  <span class="parameters">(CA1, update)</span>
                  <div class="stack-trace">java.lang.IndexOutOfBoundsException: Index: 2, Size: 2
	at java.util.ArrayList.rangeCheck(Unknown Source)
	at java.util.ArrayList.get(Unknown Source)
	at com.webtest.testCases.LoginTest.test_shelvesManagent_update(LoginTest.java:657)
	at java.util.ArrayList.forEach(Unknown Source)
... Removed 26 stack frames
</div> <!-- stack-trace -->
                </div> <!-- method-content -->
              </div> <!-- method -->
              <div class="method">
                <div class="method-content">
                  <a name="test_storageSpace_search(0, 17122705595244343)">
                  </a> <!-- test_storageSpace_search(0, 17122705595244343) -->
                  <span class="method-name">test_storageSpace_search</span>
                  <span class="parameters">(0, 17122705595244343)</span>
                  <div class="stack-trace">org.openqa.selenium.ElementClickInterceptedException: Element &lt;button class=&quot;btn btn-default btn-primary&quot; type=&quot;submit&quot;&gt; is not clickable at point (1055,234) because another element &lt;div id=&quot;modal-edit&quot; class=&quot;modal fade  in&quot;&gt; obscures it
Build info: version: &apos;3.141.59&apos;, revision: &apos;e82be7d358&apos;, time: &apos;2018-11-14T08:25:53&apos;
System info: host: &apos;LAPTOP-0356DV5C&apos;, ip: &apos;192.168.147.1&apos;, os.name: &apos;Windows 10&apos;, os.arch: &apos;amd64&apos;, os.version: &apos;10.0&apos;, java.version: &apos;1.8.0_231&apos;
Driver info: org.openqa.selenium.firefox.FirefoxDriver
Capabilities {acceptInsecureCerts: true, browserName: firefox, browserVersion: 73.0.1, javascriptEnabled: true, moz:accessibilityChecks: false, moz:buildID: 20200217142647, moz:geckodriverVersion: 0.24.0, moz:headless: false, moz:processID: 3656, moz:profile: C:\Users\87046\AppData\Loca..., moz:shutdownTimeout: 60000, moz:useNonSpecCompliantPointerOrigin: false, moz:webdriverClick: true, pageLoadStrategy: normal, platform: WINDOWS, platformName: WINDOWS, platformVersion: 10.0, rotatable: false, setWindowRect: true, strictFileInteractability: false, timeouts: {implicit: 0, pageLoad: 300000, script: 30000}, unhandledPromptBehavior: dismiss and notify}
Session ID: a9f5dcb7-32e4-420e-9824-1cdb4c3c62a7
	at org.openqa.selenium.remote.http.W3CHttpResponseCodec.createException(W3CHttpResponseCodec.java:187)
	at org.openqa.selenium.remote.http.W3CHttpResponseCodec.decode(W3CHttpResponseCodec.java:122)
	at org.openqa.selenium.remote.http.W3CHttpResponseCodec.decode(W3CHttpResponseCodec.java:49)
	at org.openqa.selenium.remote.HttpCommandExecutor.execute(HttpCommandExecutor.java:158)
	at org.openqa.selenium.remote.service.DriverCommandExecutor.execute(DriverCommandExecutor.java:83)
	at org.openqa.selenium.remote.RemoteWebDriver.execute(RemoteWebDriver.java:552)
	at org.openqa.selenium.remote.RemoteWebElement.execute(RemoteWebElement.java:285)
	at org.openqa.selenium.remote.RemoteWebElement.click(RemoteWebElement.java:84)
	at com.webtest.testCases.LoginTest.test_storageSpace_search(LoginTest.java:240)
	at java.util.ArrayList.forEach(Unknown Source)
... Removed 30 stack frames
</div> <!-- stack-trace -->
                </div> <!-- method-content -->
              </div> <!-- method -->
              <div class="method">
                <div class="method-content">
                  <a name="test_strongSpace_delete">
                  </a> <!-- test_strongSpace_delete -->
                  <span class="method-name">test_strongSpace_delete</span>
                  <div class="stack-trace">org.openqa.selenium.ElementClickInterceptedException: Element &lt;a class=&quot;btn btn-danger btn-sm btn-icon icon-left&quot;&gt; is not clickable at point (1173,394) because another element &lt;div id=&quot;modal-edit&quot; class=&quot;modal fade  in&quot;&gt; obscures it
Build info: version: &apos;3.141.59&apos;, revision: &apos;e82be7d358&apos;, time: &apos;2018-11-14T08:25:53&apos;
System info: host: &apos;LAPTOP-0356DV5C&apos;, ip: &apos;192.168.147.1&apos;, os.name: &apos;Windows 10&apos;, os.arch: &apos;amd64&apos;, os.version: &apos;10.0&apos;, java.version: &apos;1.8.0_231&apos;
Driver info: org.openqa.selenium.firefox.FirefoxDriver
Capabilities {acceptInsecureCerts: true, browserName: firefox, browserVersion: 73.0.1, javascriptEnabled: true, moz:accessibilityChecks: false, moz:buildID: 20200217142647, moz:geckodriverVersion: 0.24.0, moz:headless: false, moz:processID: 3656, moz:profile: C:\Users\87046\AppData\Loca..., moz:shutdownTimeout: 60000, moz:useNonSpecCompliantPointerOrigin: false, moz:webdriverClick: true, pageLoadStrategy: normal, platform: WINDOWS, platformName: WINDOWS, platformVersion: 10.0, rotatable: false, setWindowRect: true, strictFileInteractability: false, timeouts: {implicit: 0, pageLoad: 300000, script: 30000}, unhandledPromptBehavior: dismiss and notify}
Session ID: a9f5dcb7-32e4-420e-9824-1cdb4c3c62a7
	at org.openqa.selenium.remote.http.W3CHttpResponseCodec.createException(W3CHttpResponseCodec.java:187)
	at org.openqa.selenium.remote.http.W3CHttpResponseCodec.decode(W3CHttpResponseCodec.java:122)
	at org.openqa.selenium.remote.http.W3CHttpResponseCodec.decode(W3CHttpResponseCodec.java:49)
	at org.openqa.selenium.remote.HttpCommandExecutor.execute(HttpCommandExecutor.java:158)
	at org.openqa.selenium.remote.service.DriverCommandExecutor.execute(DriverCommandExecutor.java:83)
	at org.openqa.selenium.remote.RemoteWebDriver.execute(RemoteWebDriver.java:552)
	at org.openqa.selenium.remote.RemoteWebElement.execute(RemoteWebElement.java:285)
	at org.openqa.selenium.remote.RemoteWebElement.click(RemoteWebElement.java:84)
	at com.webtest.testCases.LoginTest.test_strongSpace_delete(LoginTest.java:267)
	at java.util.ArrayList.forEach(Unknown Source)
... Removed 30 stack frames
</div> <!-- stack-trace -->
                </div> <!-- method-content -->
              </div> <!-- method -->
              <div class="method">
                <div class="method-content">
                  <a name="test_strongSpace_update(C, test_updatecqu)">
                  </a> <!-- test_strongSpace_update(C, test_updatecqu) -->
                  <span class="method-name">test_strongSpace_update</span>
                  <span class="parameters">(C, test_updatecqu)</span>
                  <div class="stack-trace">org.openqa.selenium.NoSuchElementException: Unable to locate element: //textarea[@placeholder=&apos;å¤æ³¨&apos;]
For documentation on this error, please visit: https://www.seleniumhq.org/exceptions/no_such_element.html
Build info: version: &apos;3.141.59&apos;, revision: &apos;e82be7d358&apos;, time: &apos;2018-11-14T08:25:53&apos;
System info: host: &apos;LAPTOP-0356DV5C&apos;, ip: &apos;192.168.147.1&apos;, os.name: &apos;Windows 10&apos;, os.arch: &apos;amd64&apos;, os.version: &apos;10.0&apos;, java.version: &apos;1.8.0_231&apos;
Driver info: org.openqa.selenium.firefox.FirefoxDriver
Capabilities {acceptInsecureCerts: true, browserName: firefox, browserVersion: 73.0.1, javascriptEnabled: true, moz:accessibilityChecks: false, moz:buildID: 20200217142647, moz:geckodriverVersion: 0.24.0, moz:headless: false, moz:processID: 3656, moz:profile: C:\Users\87046\AppData\Loca..., moz:shutdownTimeout: 60000, moz:useNonSpecCompliantPointerOrigin: false, moz:webdriverClick: true, pageLoadStrategy: normal, platform: WINDOWS, platformName: WINDOWS, platformVersion: 10.0, rotatable: false, setWindowRect: true, strictFileInteractability: false, timeouts: {implicit: 0, pageLoad: 300000, script: 30000}, unhandledPromptBehavior: dismiss and notify}
Session ID: a9f5dcb7-32e4-420e-9824-1cdb4c3c62a7
*** Element info: {Using=xpath, value=//textarea[@placeholder=&apos;å¤æ³¨&apos;]}
	at org.openqa.selenium.remote.http.W3CHttpResponseCodec.createException(W3CHttpResponseCodec.java:187)
	at org.openqa.selenium.remote.http.W3CHttpResponseCodec.decode(W3CHttpResponseCodec.java:122)
	at org.openqa.selenium.remote.http.W3CHttpResponseCodec.decode(W3CHttpResponseCodec.java:49)
	at org.openqa.selenium.remote.HttpCommandExecutor.execute(HttpCommandExecutor.java:158)
	at org.openqa.selenium.remote.service.DriverCommandExecutor.execute(DriverCommandExecutor.java:83)
	at org.openqa.selenium.remote.RemoteWebDriver.execute(RemoteWebDriver.java:552)
	at org.openqa.selenium.remote.RemoteWebDriver.findElement(RemoteWebDriver.java:323)
	at org.openqa.selenium.remote.RemoteWebDriver.findElementByXPath(RemoteWebDriver.java:428)
	at org.openqa.selenium.By$ByXPath.findElement(By.java:353)
	at org.openqa.selenium.remote.RemoteWebDriver.findElement(RemoteWebDriver.java:315)
	at com.webtest.testCases.LoginTest.test_strongSpace_update(LoginTest.java:286)
	at java.util.ArrayList.forEach(Unknown Source)
... Removed 30 stack frames
</div> <!-- stack-trace -->
                </div> <!-- method-content -->
              </div> <!-- method -->
            </div> <!-- main-panel-content rounded-window-bottom -->
          </div> <!-- suite-s1-class-failed -->
          <div class="suite-s1-class-passed">
            <div class="main-panel-header rounded-window-top">
              <img src="passed.png"/>
              <span class="class-name">com.webtest.testCases.LoginTest</span>
            </div> <!-- main-panel-header rounded-window-top -->
            <div class="main-panel-content rounded-window-bottom">
              <div class="method">
                <div class="method-content">
                  <a name="test_delete_success">
                  </a> <!-- test_delete_success -->
                  <span class="method-name">test_delete_success</span>
                </div> <!-- method-content -->
              </div> <!-- method -->
              <div class="method">
                <div class="method-content">
                  <a name="test_productCategory_search(phone, 0)">
                  </a> <!-- test_productCategory_search(phone, 0) -->
                  <span class="method-name">test_productCategory_search</span>
                  <span class="parameters">(phone, 0)</span>
                </div> <!-- method-content -->
              </div> <!-- method -->
              <div class="method">
                <div class="method-content">
                  <a name="test_productManagement_search(10, 0)">
                  </a> <!-- test_productManagement_search(10, 0) -->
                  <span class="method-name">test_productManagement_search</span>
                  <span class="parameters">(10, 0)</span>
                </div> <!-- method-content -->
              </div> <!-- method -->
              <div class="method">
                <div class="method-content">
                  <a name="test_storageSpace_add(C, test_addC)">
                  </a> <!-- test_storageSpace_add(C, test_addC) -->
                  <span class="method-name">test_storageSpace_add</span>
                  <span class="parameters">(C, test_addC)</span>
                </div> <!-- method-content -->
              </div> <!-- method -->
              <div class="method">
                <div class="method-content">
                  <a name="test_warehourse_add(newwarehourse, liulu, 123456, new warehourse)">
                  </a> <!-- test_warehourse_add(newwarehourse, liulu, 123456, new warehourse) -->
                  <span class="method-name">test_warehourse_add</span>
                  <span class="parameters">(newwarehourse, liulu, 123456, new warehourse)</span>
                </div> <!-- method-content -->
              </div> <!-- method -->
              <div class="method">
                <div class="method-content">
                  <a name="test_warehourse_search(0, 0, 0, 0)">
                  </a> <!-- test_warehourse_search(0, 0, 0, 0) -->
                  <span class="method-name">test_warehourse_search</span>
                  <span class="parameters">(0, 0, 0, 0)</span>
                </div> <!-- method-content -->
              </div> <!-- method -->
              <div class="method">
                <div class="method-content">
                  <a name="test_warehourse_update(nwarehourse, test, 15052850085, update)">
                  </a> <!-- test_warehourse_update(nwarehourse, test, 15052850085, update) -->
                  <span class="method-name">test_warehourse_update</span>
                  <span class="parameters">(nwarehourse, test, 15052850085, update)</span>
                </div> <!-- method-content -->
              </div> <!-- method -->
            </div> <!-- main-panel-content rounded-window-bottom -->
          </div> <!-- suite-s1-class-passed -->
        </div> <!-- panel s1 -->
        <div panel-name="test-xml-s1" class="panel">
          <div class="main-panel-header rounded-window-top">
            <span class="header-content">D:\Java\wms\testng.xml</span>
          </div> <!-- main-panel-header rounded-window-top -->
          <div class="main-panel-content rounded-window-bottom">
            <pre>
&lt;?xml version=&quot;1.0&quot; encoding=&quot;UTF-8&quot;?&gt;
&lt;!DOCTYPE suite SYSTEM &quot;https://testng.org/testng-1.0.dtd&quot;&gt;
&lt;suite guice-stage=&quot;DEVELOPMENT&quot; name=&quot;s1&quot;&gt;
  &lt;listeners&gt;
    &lt;listener class-name=&quot;www.ourhouse.testng_xslt.Generate&quot;/&gt;
  &lt;/listeners&gt;
  &lt;test thread-count=&quot;5&quot; name=&quot;t2&quot;&gt;
    &lt;classes&gt;
      &lt;class name=&quot;com.webtest.testCases.LoginTest&quot;/&gt;
    &lt;/classes&gt;
  &lt;/test&gt; &lt;!-- t2 --&gt;
&lt;/suite&gt; &lt;!-- s1 --&gt;
            </pre>
          </div> <!-- main-panel-content rounded-window-bottom -->
        </div> <!-- panel -->
        <div panel-name="testlist-s1" class="panel">
          <div class="main-panel-header rounded-window-top">
            <span class="header-content">Tests for s1</span>
          </div> <!-- main-panel-header rounded-window-top -->
          <div class="main-panel-content rounded-window-bottom">
            <ul>
              <li>
                <span class="test-name">t2 (1 class)</span>
              </li>
            </ul>
          </div> <!-- main-panel-content rounded-window-bottom -->
        </div> <!-- panel -->
        <div panel-name="group-s1" class="panel">
          <div class="main-panel-header rounded-window-top">
            <span class="header-content">Groups for s1</span>
          </div> <!-- main-panel-header rounded-window-top -->
          <div class="main-panel-content rounded-window-bottom">
          </div> <!-- main-panel-content rounded-window-bottom -->
        </div> <!-- panel -->
        <div panel-name="times-s1" class="panel">
          <div class="main-panel-header rounded-window-top">
            <span class="header-content">Times for s1</span>
          </div> <!-- main-panel-header rounded-window-top -->
          <div class="main-panel-content rounded-window-bottom">
            <div class="times-div">
              <script type="text/javascript">
suiteTableInitFunctions.push('tableData_s1');
function tableData_s1() {
var data = new google.visualization.DataTable();
data.addColumn('number', 'Number');
data.addColumn('string', 'Method');
data.addColumn('string', 'Class');
data.addColumn('number', 'Time (ms)');
data.addRows(33);
data.setCell(0, 0, 0)
data.setCell(0, 1, 'test_storageSpace_add')
data.setCell(0, 2, 'com.webtest.testCases.LoginTest')
data.setCell(0, 3, 12000);
data.setCell(1, 0, 1)
data.setCell(1, 1, 'test_login')
data.setCell(1, 2, 'com.webtest.testCases.LoginTest')
data.setCell(1, 3, 11363);
data.setCell(2, 0, 2)
data.setCell(2, 1, 'test_warehourse_search')
data.setCell(2, 2, 'com.webtest.testCases.LoginTest')
data.setCell(2, 3, 9663);
data.setCell(3, 0, 3)
data.setCell(3, 1, 'test_warehourse_update')
data.setCell(3, 2, 'com.webtest.testCases.LoginTest')
data.setCell(3, 3, 8252);
data.setCell(4, 0, 4)
data.setCell(4, 1, 'test_productManagement_search')
data.setCell(4, 2, 'com.webtest.testCases.LoginTest')
data.setCell(4, 3, 7463);
data.setCell(5, 0, 5)
data.setCell(5, 1, 'test_warehourse_add')
data.setCell(5, 2, 'com.webtest.testCases.LoginTest')
data.setCell(5, 3, 7294);
data.setCell(6, 0, 6)
data.setCell(6, 1, 'test_delete_success')
data.setCell(6, 2, 'com.webtest.testCases.LoginTest')
data.setCell(6, 3, 4178);
data.setCell(7, 0, 7)
data.setCell(7, 1, 'test_productCategory_search')
data.setCell(7, 2, 'com.webtest.testCases.LoginTest')
data.setCell(7, 3, 4127);
data.setCell(8, 0, 8)
data.setCell(8, 1, 'test_strongSpace_update')
data.setCell(8, 2, 'com.webtest.testCases.LoginTest')
data.setCell(8, 3, 3452);
data.setCell(9, 0, 9)
data.setCell(9, 1, 'test_Suppliers_search')
data.setCell(9, 2, 'com.webtest.testCases.LoginTest')
data.setCell(9, 3, 3304);
data.setCell(10, 0, 10)
data.setCell(10, 1, 'test_storageSpace_search')
data.setCell(10, 2, 'com.webtest.testCases.LoginTest')
data.setCell(10, 3, 3265);
data.setCell(11, 0, 11)
data.setCell(11, 1, 'test_Unit_search')
data.setCell(11, 2, 'com.webtest.testCases.LoginTest')
data.setCell(11, 3, 3238);
data.setCell(12, 0, 12)
data.setCell(12, 1, 'test_productManagement_add')
data.setCell(12, 2, 'com.webtest.testCases.LoginTest')
data.setCell(12, 3, 2377);
data.setCell(13, 0, 13)
data.setCell(13, 1, 'test_Unit_add')
data.setCell(13, 2, 'com.webtest.testCases.LoginTest')
data.setCell(13, 3, 2108);
data.setCell(14, 0, 14)
data.setCell(14, 1, 'test_Suppliers_add')
data.setCell(14, 2, 'com.webtest.testCases.LoginTest')
data.setCell(14, 3, 2058);
data.setCell(15, 0, 15)
data.setCell(15, 1, 'test_strongSpace_delete')
data.setCell(15, 2, 'com.webtest.testCases.LoginTest')
data.setCell(15, 3, 2047);
data.setCell(16, 0, 16)
data.setCell(16, 1, 'test_Suppliers_delete')
data.setCell(16, 2, 'com.webtest.testCases.LoginTest')
data.setCell(16, 3, 2041);
data.setCell(17, 0, 17)
data.setCell(17, 1, 'test_companyManagent_add')
data.setCell(17, 2, 'com.webtest.testCases.LoginTest')
data.setCell(17, 3, 81);
data.setCell(18, 0, 18)
data.setCell(18, 1, 'test_companyManagent_search')
data.setCell(18, 2, 'com.webtest.testCases.LoginTest')
data.setCell(18, 3, 56);
data.setCell(19, 0, 19)
data.setCell(19, 1, 'test_productCategory_add')
data.setCell(19, 2, 'com.webtest.testCases.LoginTest')
data.setCell(19, 3, 50);
data.setCell(20, 0, 20)
data.setCell(20, 1, 'test_shelvesManagent_search')
data.setCell(20, 2, 'com.webtest.testCases.LoginTest')
data.setCell(20, 3, 39);
data.setCell(21, 0, 21)
data.setCell(21, 1, 'test_productCategory_delete')
data.setCell(21, 2, 'com.webtest.testCases.LoginTest')
data.setCell(21, 3, 30);
data.setCell(22, 0, 22)
data.setCell(22, 1, 'test_productCategory_update')
data.setCell(22, 2, 'com.webtest.testCases.LoginTest')
data.setCell(22, 3, 29);
data.setCell(23, 0, 23)
data.setCell(23, 1, 'test_shelvesManagent_add')
data.setCell(23, 2, 'com.webtest.testCases.LoginTest')
data.setCell(23, 3, 28);
data.setCell(24, 0, 24)
data.setCell(24, 1, 'test_Suppliers_update')
data.setCell(24, 2, 'com.webtest.testCases.LoginTest')
data.setCell(24, 3, 19);
data.setCell(25, 0, 25)
data.setCell(25, 1, 'test_Unit_alert')
data.setCell(25, 2, 'com.webtest.testCases.LoginTest')
data.setCell(25, 3, 18);
data.setCell(26, 0, 26)
data.setCell(26, 1, 'test_Unit_delete')
data.setCell(26, 2, 'com.webtest.testCases.LoginTest')
data.setCell(26, 3, 17);
data.setCell(27, 0, 27)
data.setCell(27, 1, 'test_productManagement_delete')
data.setCell(27, 2, 'com.webtest.testCases.LoginTest')
data.setCell(27, 3, 16);
data.setCell(28, 0, 28)
data.setCell(28, 1, 'test_companyManagent_delete')
data.setCell(28, 2, 'com.webtest.testCases.LoginTest')
data.setCell(28, 3, 15);
data.setCell(29, 0, 29)
data.setCell(29, 1, 'test_shelvesManagent_delete')
data.setCell(29, 2, 'com.webtest.testCases.LoginTest')
data.setCell(29, 3, 15);
data.setCell(30, 0, 30)
data.setCell(30, 1, 'test_companyManagent_update')
data.setCell(30, 2, 'com.webtest.testCases.LoginTest')
data.setCell(30, 3, 14);
data.setCell(31, 0, 31)
data.setCell(31, 1, 'test_shelvesManagent_update')
data.setCell(31, 2, 'com.webtest.testCases.LoginTest')
data.setCell(31, 3, 12);
data.setCell(32, 0, 32)
data.setCell(32, 1, 'test_productManagement_update')
data.setCell(32, 2, 'com.webtest.testCases.LoginTest')
data.setCell(32, 3, 10);
window.suiteTableData['s1']= { tableData: data, tableDiv: 'times-div-s1'}
return data;
}
              </script>
              <span class="suite-total-time">Total running time: 1 minutes</span>
              <div id="times-div-s1">
              </div> <!-- times-div-s1 -->
            </div> <!-- times-div -->
          </div> <!-- main-panel-content rounded-window-bottom -->
        </div> <!-- panel -->
        <div panel-name="reporter-s1" class="panel">
          <div class="main-panel-header rounded-window-top">
            <span class="header-content">Reporter output for s1</span>
          </div> <!-- main-panel-header rounded-window-top -->
          <div class="main-panel-content rounded-window-bottom">
          </div> <!-- main-panel-content rounded-window-bottom -->
        </div> <!-- panel -->
        <div panel-name="ignored-methods-s1" class="panel">
          <div class="main-panel-header rounded-window-top">
            <span class="header-content">0 ignored methods</span>
          </div> <!-- main-panel-header rounded-window-top -->
          <div class="main-panel-content rounded-window-bottom">
          </div> <!-- main-panel-content rounded-window-bottom -->
        </div> <!-- panel -->
        <div panel-name="chronological-s1" class="panel">
          <div class="main-panel-header rounded-window-top">
            <span class="header-content">Methods in chronological order</span>
          </div> <!-- main-panel-header rounded-window-top -->
          <div class="main-panel-content rounded-window-bottom">
            <div class="chronological-class">
              <div class="chronological-class-name">com.webtest.testCases.LoginTest</div> <!-- chronological-class-name -->
              <div class="configuration-class before">
                <span class="method-name">doBeforeClass</span>
                <span class="method-start">0 ms</span>
              </div> <!-- configuration-class before -->
              <div class="test-method">
                <img src="failed.png">
                </img>
                <span class="method-name">test_login</span>
                <span class="method-start">12517 ms</span>
              </div> <!-- test-method -->
              <div class="test-method">
                <span class="method-name">test_warehourse_search(0, 0, 0, 0)</span>
                <span class="method-start">23905 ms</span>
              </div> <!-- test-method -->
              <div class="test-method">
                <span class="method-name">test_warehourse_add(newwarehourse, liulu, 123456, new warehourse)</span>
                <span class="method-start">33573 ms</span>
              </div> <!-- test-method -->
              <div class="test-method">
                <span class="method-name">test_warehourse_update(nwarehourse, test, 15052850085, update)</span>
                <span class="method-start">40870 ms</span>
              </div> <!-- test-method -->
              <div class="test-method">
                <span class="method-name">test_delete_success</span>
                <span class="method-start">49122 ms</span>
              </div> <!-- test-method -->
              <div class="test-method">
                <span class="method-name">test_storageSpace_add(C, test_addC)</span>
                <span class="method-start">53302 ms</span>
              </div> <!-- test-method -->
              <div class="test-method">
                <img src="failed.png">
                </img>
                <span class="method-name">test_strongSpace_update(C, test_updatecqu)</span>
                <span class="method-start">65304 ms</span>
              </div> <!-- test-method -->
              <div class="test-method">
                <img src="failed.png">
                </img>
                <span class="method-name">test_strongSpace_delete</span>
                <span class="method-start">68757 ms</span>
              </div> <!-- test-method -->
              <div class="test-method">
                <img src="failed.png">
                </img>
                <span class="method-name">test_storageSpace_search(0, 17122705595244343)</span>
                <span class="method-start">70806 ms</span>
              </div> <!-- test-method -->
              <div class="test-method">
                <img src="failed.png">
                </img>
                <span class="method-name">test_Suppliers_add(add_company, addresstest, addcontact_test, 111111, 123@qq.com, chuanzhen, beizhu)</span>
                <span class="method-start">74073 ms</span>
              </div> <!-- test-method -->
              <div class="test-method">
                <img src="failed.png">
                </img>
                <span class="method-name">test_Suppliers_update(desc)</span>
                <span class="method-start">76133 ms</span>
              </div> <!-- test-method -->
              <div class="test-method">
                <img src="failed.png">
                </img>
                <span class="method-name">test_Suppliers_delete</span>
                <span class="method-start">76153 ms</span>
              </div> <!-- test-method -->
              <div class="test-method">
                <img src="failed.png">
                </img>
                <span class="method-name">test_Suppliers_search(鍏徃, 0, 0, 0, 0)</span>
                <span class="method-start">78196 ms</span>
              </div> <!-- test-method -->
              <div class="test-method">
                <img src="failed.png">
                </img>
                <span class="method-name">test_Unit_add(tong, new)</span>
                <span class="method-start">81501 ms</span>
              </div> <!-- test-method -->
              <div class="test-method">
                <img src="failed.png">
                </img>
                <span class="method-name">test_Unit_alert(desc)</span>
                <span class="method-start">83611 ms</span>
              </div> <!-- test-method -->
              <div class="test-method">
                <img src="failed.png">
                </img>
                <span class="method-name">test_Unit_delete</span>
                <span class="method-start">83630 ms</span>
              </div> <!-- test-method -->
              <div class="test-method">
                <img src="failed.png">
                </img>
                <span class="method-name">test_Unit_search(0, 0)</span>
                <span class="method-start">83649 ms</span>
              </div> <!-- test-method -->
              <div class="test-method">
                <img src="failed.png">
                </img>
                <span class="method-name">test_productCategory_add(phone, new_phone)</span>
                <span class="method-start">86888 ms</span>
              </div> <!-- test-method -->
              <div class="test-method">
                <img src="failed.png">
                </img>
                <span class="method-name">test_productCategory_update(update)</span>
                <span class="method-start">86940 ms</span>
              </div> <!-- test-method -->
              <div class="test-method">
                <img src="failed.png">
                </img>
                <span class="method-name">test_productCategory_delete</span>
                <span class="method-start">86971 ms</span>
              </div> <!-- test-method -->
              <div class="test-method">
                <span class="method-name">test_productCategory_search(phone, 0)</span>
                <span class="method-start">87003 ms</span>
              </div> <!-- test-method -->
              <div class="test-method">
                <span class="method-name">test_productManagement_search(10, 0)</span>
                <span class="method-start">91132 ms</span>
              </div> <!-- test-method -->
              <div class="test-method">
                <img src="failed.png">
                </img>
                <span class="method-name">test_productManagement_add(10, new)</span>
                <span class="method-start">98596 ms</span>
              </div> <!-- test-method -->
              <div class="test-method">
                <img src="failed.png">
                </img>
                <span class="method-name">test_productManagement_update(update)</span>
                <span class="method-start">100975 ms</span>
              </div> <!-- test-method -->
              <div class="test-method">
                <img src="failed.png">
                </img>
                <span class="method-name">test_productManagement_delete</span>
                <span class="method-start">100985 ms</span>
              </div> <!-- test-method -->
              <div class="test-method">
                <img src="failed.png">
                </img>
                <span class="method-name">test_companyManagent_add(new_testCompany, 14513378193, 870461498@qq.com, heb)</span>
                <span class="method-start">101002 ms</span>
              </div> <!-- test-method -->
              <div class="test-method">
                <img src="failed.png">
                </img>
                <span class="method-name">test_companyManagent_update(newCompany, 14513378193, 870461498@qq.com, baoding, desc)</span>
                <span class="method-start">101084 ms</span>
              </div> <!-- test-method -->
              <div class="test-method">
                <img src="failed.png">
                </img>
                <span class="method-name">test_companyManagent_delete</span>
                <span class="method-start">101098 ms</span>
              </div> <!-- test-method -->
              <div class="test-method">
                <img src="failed.png">
                </img>
                <span class="method-name">test_companyManagent_search(company, 0, 0, 0)</span>
                <span class="method-start">101114 ms</span>
              </div> <!-- test-method -->
              <div class="test-method">
                <img src="failed.png">
                </img>
                <span class="method-name">test_shelvesManagent_search(1, 0, 0, 1)</span>
                <span class="method-start">101171 ms</span>
              </div> <!-- test-method -->
              <div class="test-method">
                <img src="failed.png">
                </img>
                <span class="method-name">test_shelvesManagent_add(CA1, desc)</span>
                <span class="method-start">101211 ms</span>
              </div> <!-- test-method -->
              <div class="test-method">
                <img src="failed.png">
                </img>
                <span class="method-name">test_shelvesManagent_update(CA1, update)</span>
                <span class="method-start">101241 ms</span>
              </div> <!-- test-method -->
              <div class="test-method">
                <img src="failed.png">
                </img>
                <span class="method-name">test_shelvesManagent_delete</span>
                <span class="method-start">101253 ms</span>
              </div> <!-- test-method -->
          </div> <!-- main-panel-content rounded-window-bottom -->
        </div> <!-- panel -->
      </div> <!-- main-panel-root -->
    </div> <!-- wrapper -->
  </body>
</html>
